TN:
SF:/home/evelin/pruebas/clickEscuelaAngular/src/polyfills.ts
FNF:0
FNH:0
LF:0
LH:0
BRF:0
BRH:0
end_of_record
TN:
SF:/home/evelin/pruebas/clickEscuelaAngular/src/test.ts
FNF:0
FNH:0
DA:13,1
DA:18,1
DA:20,1
LF:3
LH:3
BRF:0
BRH:0
end_of_record
TN:
SF:/home/evelin/pruebas/clickEscuelaAngular/src/app/app.component.ts
FNF:0
FNH:0
DA:8,1
DA:9,1
LF:2
LH:2
BRF:0
BRH:0
end_of_record
TN:
SF:/home/evelin/pruebas/clickEscuelaAngular/src/app/components/admin/svg-constants.ts
FNF:0
FNH:0
DA:1,1
LF:1
LH:1
BRF:0
BRH:0
end_of_record
TN:
SF:/home/evelin/pruebas/clickEscuelaAngular/src/app/components/admin/type-constants.ts
FNF:0
FNH:0
DA:1,1
DA:8,1
DA:9,1
DA:10,1
DA:11,1
LF:5
LH:5
BRF:0
BRH:0
end_of_record
TN:
SF:/home/evelin/pruebas/clickEscuelaAngular/src/app/components/admin/account/account.component.ts
FN:36,(anonymous_0)
FN:55,(anonymous_1)
FN:72,(anonymous_2)
FN:75,(anonymous_3)
FN:102,(anonymous_4)
FN:105,(anonymous_5)
FN:119,(anonymous_6)
FN:127,(anonymous_7)
FN:156,(anonymous_8)
FN:169,(anonymous_9)
FN:180,(anonymous_10)
FN:193,(anonymous_11)
FN:199,(anonymous_12)
FN:258,(anonymous_13)
FN:269,(anonymous_14)
FN:273,(anonymous_15)
FN:283,(anonymous_16)
FN:287,(anonymous_17)
FN:301,(anonymous_18)
FN:309,(anonymous_19)
FN:317,(anonymous_20)
FNF:21
FNH:14
FNDA:8,(anonymous_0)
FNDA:288,(anonymous_1)
FNDA:3,(anonymous_2)
FNDA:18,(anonymous_3)
FNDA:8,(anonymous_4)
FNDA:0,(anonymous_5)
FNDA:0,(anonymous_6)
FNDA:0,(anonymous_7)
FNDA:4,(anonymous_8)
FNDA:7,(anonymous_9)
FNDA:7,(anonymous_10)
FNDA:7,(anonymous_11)
FNDA:7,(anonymous_12)
FNDA:1,(anonymous_13)
FNDA:0,(anonymous_14)
FNDA:3,(anonymous_15)
FNDA:0,(anonymous_16)
FNDA:4,(anonymous_17)
FNDA:28,(anonymous_18)
FNDA:0,(anonymous_19)
FNDA:0,(anonymous_20)
DA:22,1
DA:33,8
DA:37,8
DA:38,8
DA:39,8
DA:40,8
DA:41,8
DA:42,8
DA:44,8
DA:46,8
DA:48,8
DA:50,48
DA:55,288
DA:59,48
DA:61,8
DA:73,3
DA:74,3
DA:75,18
DA:77,3
DA:78,3
DA:79,1
DA:92,1
DA:93,1
DA:94,1
DA:95,2
DA:97,1
DA:98,1
DA:107,0
DA:108,0
DA:109,0
DA:114,0
DA:116,0
DA:117,0
DA:119,0
DA:120,0
DA:124,0
DA:126,0
DA:127,0
DA:129,0
DA:130,0
DA:131,0
DA:133,0
DA:134,0
DA:136,0
DA:142,0
DA:143,0
DA:146,0
DA:147,0
DA:149,0
DA:152,0
DA:157,4
DA:158,4
DA:159,4
DA:161,4
DA:165,4
DA:166,1
DA:170,7
DA:174,1
DA:175,1
DA:178,4
DA:179,1
DA:181,7
DA:185,1
DA:186,1
DA:192,4
DA:193,7
DA:196,4
DA:198,1
DA:200,7
DA:204,1
DA:205,1
DA:212,4
DA:213,0
DA:215,0
DA:216,0
DA:217,0
DA:219,0
DA:220,0
DA:221,0
DA:222,0
DA:224,0
DA:225,0
DA:227,0
DA:230,0
DA:244,0
DA:245,0
DA:246,0
DA:248,0
DA:249,0
DA:250,0
DA:259,1
DA:270,0
DA:274,3
DA:276,3
DA:277,9
DA:278,9
DA:280,3
DA:284,0
DA:288,4
DA:289,4
DA:291,4
DA:292,0
DA:294,4
DA:297,4
DA:298,28
DA:299,28
DA:301,4
DA:302,28
DA:304,4
DA:310,0
DA:317,0
DA:318,0
DA:319,0
LF:113
LH:65
BRDA:78,0,0,1
BRDA:78,0,1,2
BRDA:95,1,0,1
BRDA:95,1,1,1
BRDA:107,2,0,0
BRDA:107,2,1,0
BRDA:107,3,0,0
BRDA:107,3,1,0
BRDA:107,3,2,0
BRDA:116,4,0,0
BRDA:116,4,1,0
BRDA:147,5,0,0
BRDA:147,5,1,0
BRDA:165,6,0,1
BRDA:165,6,1,3
BRDA:170,7,0,7
BRDA:170,7,1,0
BRDA:170,7,2,0
BRDA:174,8,0,1
BRDA:174,8,1,0
BRDA:178,9,0,1
BRDA:178,9,1,3
BRDA:181,10,0,7
BRDA:181,10,1,0
BRDA:185,11,0,1
BRDA:185,11,1,0
BRDA:192,12,0,1
BRDA:192,12,1,3
BRDA:193,13,0,7
BRDA:193,13,1,0
BRDA:196,14,0,1
BRDA:196,14,1,3
BRDA:200,15,0,7
BRDA:200,15,1,0
BRDA:204,16,0,1
BRDA:204,16,1,0
BRDA:212,17,0,0
BRDA:212,17,1,4
BRDA:215,18,0,0
BRDA:215,18,1,0
BRDA:224,19,0,0
BRDA:224,19,1,0
BRDA:248,20,0,0
BRDA:248,20,1,0
BRDA:291,21,0,0
BRDA:291,21,1,4
BRF:46
BRH:21
end_of_record
TN:
SF:/home/evelin/pruebas/clickEscuelaAngular/src/app/components/admin/account/account-list/account-list.component.ts
FN:28,(anonymous_0)
FN:52,(anonymous_1)
FN:60,(anonymous_2)
FN:78,(anonymous_3)
FN:80,(anonymous_4)
FN:94,(anonymous_5)
FN:104,(anonymous_6)
FN:106,(anonymous_7)
FN:115,(anonymous_8)
FN:120,(anonymous_9)
FNF:10
FNH:3
FNDA:1,(anonymous_0)
FNDA:36,(anonymous_1)
FNDA:1,(anonymous_2)
FNDA:0,(anonymous_3)
FNDA:0,(anonymous_4)
FNDA:0,(anonymous_5)
FNDA:0,(anonymous_6)
FNDA:0,(anonymous_7)
FNDA:0,(anonymous_8)
FNDA:0,(anonymous_9)
DA:17,1
DA:29,1
DA:30,1
DA:31,1
DA:32,1
DA:34,1
DA:35,1
DA:37,1
DA:40,1
DA:44,1
DA:45,6
DA:52,36
DA:55,6
DA:61,1
DA:71,1
DA:72,1
DA:73,1
DA:74,1
DA:79,0
DA:80,0
DA:81,0
DA:82,0
DA:83,0
DA:87,0
DA:88,0
DA:91,0
DA:95,0
DA:96,0
DA:98,0
DA:99,0
DA:105,0
DA:106,0
DA:108,0
DA:115,0
DA:121,0
LF:35
LH:18
BRDA:79,0,0,0
BRDA:79,0,1,0
BRDA:81,1,0,0
BRDA:81,1,1,0
BRDA:98,2,0,0
BRDA:98,2,1,0
BRF:6
BRH:0
end_of_record
TN:
SF:/home/evelin/pruebas/clickEscuelaAngular/src/app/components/admin/configuration/configuration.component.ts
FN:16,(anonymous_0)
FN:22,(anonymous_1)
FN:27,(anonymous_2)
FN:32,(anonymous_3)
FN:37,(anonymous_4)
FN:41,(anonymous_5)
FNF:6
FNH:6
FNDA:3,(anonymous_0)
FNDA:1,(anonymous_1)
FNDA:1,(anonymous_2)
FNDA:1,(anonymous_3)
FNDA:2,(anonymous_4)
FNDA:3,(anonymous_5)
DA:9,1
DA:16,3
DA:17,3
DA:18,3
DA:19,3
DA:23,1
DA:24,1
DA:28,1
DA:29,1
DA:33,1
DA:34,1
DA:38,2
LF:12
LH:12
BRF:0
BRH:0
end_of_record
TN:
SF:/home/evelin/pruebas/clickEscuelaAngular/src/app/components/admin/register/register.component.ts
FN:50,(anonymous_0)
FN:53,(anonymous_1)
FN:57,(anonymous_2)
FN:62,(anonymous_3)
FN:66,(anonymous_4)
FNF:5
FNH:5
FNDA:2,(anonymous_0)
FNDA:2,(anonymous_1)
FNDA:1,(anonymous_2)
FNDA:1,(anonymous_3)
FNDA:2,(anonymous_4)
DA:30,1
DA:34,2
DA:35,2
DA:36,2
DA:37,2
DA:38,2
DA:39,2
DA:40,2
DA:41,2
DA:42,2
DA:43,2
DA:44,2
DA:50,2
DA:54,2
DA:58,1
DA:59,1
DA:63,1
DA:68,2
DA:69,2
DA:70,2
LF:20
LH:20
BRF:0
BRH:0
end_of_record
TN:
SF:/home/evelin/pruebas/clickEscuelaAngular/src/app/components/admin/students-component/add-student/add-student.component.ts
FN:43,(anonymous_0)
FN:56,(anonymous_1)
FN:61,(anonymous_2)
FN:66,(anonymous_3)
FN:67,(anonymous_4)
FN:72,(anonymous_5)
FN:76,(anonymous_6)
FN:78,(anonymous_7)
FN:84,(anonymous_8)
FN:85,(anonymous_9)
FN:93,(anonymous_10)
FN:106,(anonymous_11)
FN:109,(anonymous_12)
FN:112,(anonymous_13)
FN:120,(anonymous_14)
FN:122,(anonymous_15)
FN:134,(anonymous_16)
FN:139,(anonymous_17)
FN:147,(anonymous_18)
FNF:19
FNH:7
FNDA:2,(anonymous_0)
FNDA:2,(anonymous_1)
FNDA:2,(anonymous_2)
FNDA:3,(anonymous_3)
FNDA:1,(anonymous_4)
FNDA:1,(anonymous_5)
FNDA:0,(anonymous_6)
FNDA:0,(anonymous_7)
FNDA:2,(anonymous_8)
FNDA:0,(anonymous_9)
FNDA:0,(anonymous_10)
FNDA:0,(anonymous_11)
FNDA:0,(anonymous_12)
FNDA:0,(anonymous_13)
FNDA:0,(anonymous_14)
FNDA:0,(anonymous_15)
FNDA:0,(anonymous_16)
FNDA:0,(anonymous_17)
FNDA:0,(anonymous_18)
DA:23,1
DA:25,2
DA:29,2
DA:34,2
DA:40,2
DA:41,2
DA:44,2
DA:45,2
DA:46,2
DA:47,2
DA:49,2
DA:50,2
DA:51,2
DA:52,2
DA:53,2
DA:57,2
DA:58,2
DA:62,2
DA:63,2
DA:67,3
DA:68,1
DA:73,1
DA:77,0
DA:78,0
DA:79,0
DA:85,2
DA:86,0
DA:87,0
DA:89,0
DA:94,0
DA:95,0
DA:107,0
DA:108,0
DA:112,0
DA:113,0
DA:114,0
DA:122,0
DA:123,0
DA:124,0
DA:131,0
DA:135,0
DA:140,0
DA:141,0
DA:148,0
LF:44
LH:23
BRDA:77,0,0,0
BRDA:77,0,1,0
BRDA:86,1,0,0
BRDA:86,1,1,0
BRDA:96,2,0,0
BRDA:96,2,1,0
BRF:6
BRH:0
end_of_record
TN:
SF:/home/evelin/pruebas/clickEscuelaAngular/src/app/components/admin/students-component/edit-student/edit-student.component.ts
FN:21,(anonymous_0)
FN:39,(anonymous_1)
FN:43,(anonymous_2)
FN:50,(anonymous_3)
FN:54,(anonymous_4)
FN:55,(anonymous_5)
FN:60,(anonymous_6)
FN:62,(anonymous_7)
FN:68,(anonymous_8)
FN:69,(anonymous_9)
FN:77,(anonymous_10)
FN:82,(anonymous_11)
FN:85,(anonymous_12)
FN:89,(anonymous_13)
FN:95,(anonymous_14)
FN:99,(anonymous_15)
FNF:16
FNH:8
FNDA:5,(anonymous_0)
FNDA:5,(anonymous_1)
FNDA:2,(anonymous_2)
FNDA:1,(anonymous_3)
FNDA:1,(anonymous_4)
FNDA:1,(anonymous_5)
FNDA:0,(anonymous_6)
FNDA:0,(anonymous_7)
FNDA:0,(anonymous_8)
FNDA:0,(anonymous_9)
FNDA:0,(anonymous_10)
FNDA:0,(anonymous_11)
FNDA:0,(anonymous_12)
FNDA:0,(anonymous_13)
FNDA:2,(anonymous_14)
FNDA:1,(anonymous_15)
DA:17,1
DA:19,5
DA:22,5
DA:23,5
DA:24,5
DA:25,5
DA:26,5
DA:30,5
DA:40,5
DA:44,2
DA:45,2
DA:51,1
DA:55,1
DA:56,1
DA:61,0
DA:62,0
DA:63,0
DA:69,0
DA:70,0
DA:71,0
DA:73,0
DA:78,0
DA:83,0
DA:84,0
DA:86,0
DA:87,0
DA:90,0
DA:96,2
DA:100,1
LF:29
LH:16
BRDA:46,0,0,1
BRDA:46,0,1,1
BRDA:61,1,0,0
BRDA:61,1,1,0
BRDA:70,2,0,0
BRDA:70,2,1,0
BRF:6
BRH:2
end_of_record
TN:
SF:/home/evelin/pruebas/clickEscuelaAngular/src/app/components/admin/students-component/student-base-model/student-base-model.component.ts
FN:52,(anonymous_0)
FN:81,(anonymous_1)
FN:87,(anonymous_2)
FN:106,(anonymous_3)
FN:114,(anonymous_4)
FN:119,(anonymous_5)
FN:128,(anonymous_6)
FN:135,(anonymous_7)
FN:140,(anonymous_8)
FN:142,(anonymous_9)
FN:155,(anonymous_10)
FN:162,(anonymous_11)
FN:166,(anonymous_12)
FN:174,(anonymous_13)
FN:181,(anonymous_14)
FN:189,(anonymous_15)
FN:197,(anonymous_16)
FNF:17
FNH:3
FNDA:1,(anonymous_0)
FNDA:0,(anonymous_1)
FNDA:1,(anonymous_2)
FNDA:0,(anonymous_3)
FNDA:0,(anonymous_4)
FNDA:0,(anonymous_5)
FNDA:0,(anonymous_6)
FNDA:1,(anonymous_7)
FNDA:0,(anonymous_8)
FNDA:0,(anonymous_9)
FNDA:0,(anonymous_10)
FNDA:0,(anonymous_11)
FNDA:0,(anonymous_12)
FNDA:0,(anonymous_13)
FNDA:0,(anonymous_14)
FNDA:0,(anonymous_15)
FNDA:0,(anonymous_16)
DA:30,1
DA:32,1
DA:45,1
DA:46,1
DA:53,1
DA:54,1
DA:55,1
DA:56,1
DA:58,1
DA:60,1
DA:61,1
DA:70,1
DA:72,1
DA:73,1
DA:74,1
DA:75,1
DA:76,1
DA:77,1
DA:78,1
DA:82,0
DA:89,1
DA:100,1
DA:101,1
DA:102,1
DA:103,1
DA:107,0
DA:114,0
DA:120,0
DA:121,0
DA:123,0
DA:124,0
DA:129,0
DA:137,1
DA:138,1
DA:142,0
DA:143,0
DA:144,0
DA:145,0
DA:147,0
DA:148,0
DA:150,0
DA:151,0
DA:156,0
DA:157,0
DA:158,0
DA:163,0
DA:168,0
DA:169,0
DA:170,0
DA:175,0
DA:181,0
DA:182,0
DA:183,0
DA:184,0
DA:190,0
DA:197,0
LF:56
LH:26
BRDA:123,0,0,0
BRDA:123,0,1,0
BRDA:144,1,0,0
BRDA:144,1,1,0
BRDA:182,2,0,0
BRDA:182,2,1,0
BRF:6
BRH:0
end_of_record
TN:
SF:/home/evelin/pruebas/clickEscuelaAngular/src/app/components/admin/teacher-component/add-teacher/add-teacher.component.ts
FN:53,(anonymous_0)
FN:72,(anonymous_1)
FN:103,(anonymous_2)
FN:106,(anonymous_3)
FN:108,(anonymous_4)
FN:112,(anonymous_5)
FN:120,(anonymous_6)
FN:133,(anonymous_7)
FN:138,(anonymous_8)
FNF:9
FNH:9
FNDA:4,(anonymous_0)
FNDA:5,(anonymous_1)
FNDA:4,(anonymous_2)
FNDA:2,(anonymous_3)
FNDA:1,(anonymous_4)
FNDA:1,(anonymous_5)
FNDA:2,(anonymous_6)
FNDA:1,(anonymous_7)
FNDA:1,(anonymous_8)
DA:26,1
DA:33,4
DA:34,4
DA:35,4
DA:36,4
DA:37,4
DA:39,4
DA:40,4
DA:42,4
DA:53,4
DA:54,4
DA:55,4
DA:57,4
DA:63,4
DA:64,24
DA:65,96
DA:74,5
DA:107,2
DA:109,1
DA:113,1
DA:121,2
DA:134,1
DA:135,1
DA:139,1
LF:24
LH:24
BRF:0
BRH:0
end_of_record
TN:
SF:/home/evelin/pruebas/clickEscuelaAngular/src/app/components/admin/teacher-component/edit-teacher/edit-teacher.component.ts
FN:41,(anonymous_0)
FN:54,(anonymous_1)
FN:59,(anonymous_2)
FN:66,(anonymous_3)
FN:73,(anonymous_4)
FN:83,(anonymous_5)
FN:125,(anonymous_6)
FNF:7
FNH:7
FNDA:4,(anonymous_0)
FNDA:4,(anonymous_1)
FNDA:2,(anonymous_2)
FNDA:1,(anonymous_3)
FNDA:1,(anonymous_4)
FNDA:1,(anonymous_5)
FNDA:2,(anonymous_6)
DA:21,1
DA:24,4
DA:25,4
DA:26,4
DA:27,4
DA:28,4
DA:30,4
DA:32,4
DA:42,4
DA:43,4
DA:44,4
DA:45,4
DA:46,24
DA:47,96
DA:50,24
DA:61,2
DA:62,2
DA:63,2
DA:65,2
DA:68,1
DA:74,1
DA:84,1
DA:126,2
LF:23
LH:23
BRF:0
BRH:0
end_of_record
TN:
SF:/home/evelin/pruebas/clickEscuelaAngular/src/app/components/admin/teacher-component/teacher-base-model/teacher-base-model.component.ts
FN:34,(anonymous_0)
FN:43,(anonymous_1)
FN:47,(anonymous_2)
FN:66,(anonymous_3)
FN:71,(anonymous_4)
FN:79,(anonymous_5)
FN:83,(anonymous_6)
FN:89,(anonymous_7)
FN:98,(anonymous_8)
FN:107,(anonymous_9)
FN:114,(anonymous_10)
FN:121,(anonymous_11)
FN:129,(anonymous_12)
FN:138,(anonymous_13)
FN:141,(anonymous_14)
FN:149,(anonymous_15)
FNF:16
FNH:16
FNDA:10,(anonymous_0)
FNDA:1,(anonymous_1)
FNDA:10,(anonymous_2)
FNDA:15,(anonymous_3)
FNDA:1,(anonymous_4)
FNDA:1,(anonymous_5)
FNDA:1,(anonymous_6)
FNDA:1,(anonymous_7)
FNDA:1,(anonymous_8)
FNDA:1,(anonymous_9)
FNDA:2,(anonymous_10)
FNDA:2,(anonymous_11)
FNDA:1,(anonymous_12)
FNDA:1,(anonymous_13)
FNDA:2,(anonymous_14)
FNDA:2,(anonymous_15)
DA:21,1
DA:24,10
DA:25,10
DA:26,10
DA:27,10
DA:28,10
DA:35,10
DA:36,10
DA:37,10
DA:38,10
DA:40,10
DA:44,1
DA:48,10
DA:58,10
DA:59,10
DA:60,10
DA:61,10
DA:63,10
DA:67,15
DA:68,15
DA:70,15
DA:72,1
DA:73,1
DA:74,1
DA:79,1
DA:80,1
DA:84,1
DA:89,1
DA:90,1
DA:91,1
DA:92,1
DA:99,1
DA:100,1
DA:102,1
DA:103,0
DA:108,1
DA:115,2
DA:121,2
DA:122,2
DA:123,1
DA:124,1
DA:130,1
DA:131,1
DA:138,1
DA:142,2
DA:149,2
DA:150,2
LF:47
LH:46
BRDA:102,0,0,0
BRDA:102,0,1,1
BRDA:122,1,0,1
BRDA:122,1,1,1
BRF:4
BRH:3
end_of_record
TN:
SF:/home/evelin/pruebas/clickEscuelaAngular/src/app/components/commons/data-dahsboard-vertical.ts
FNF:0
FNH:0
DA:1,1
LF:1
LH:1
BRF:0
BRH:0
end_of_record
TN:
SF:/home/evelin/pruebas/clickEscuelaAngular/src/app/components/commons/data-pie-chart.ts
FNF:0
FNH:0
DA:1,1
LF:1
LH:1
BRF:0
BRH:0
end_of_record
TN:
SF:/home/evelin/pruebas/clickEscuelaAngular/src/app/components/commons/data.ts
FNF:0
FNH:0
DA:1,1
LF:1
LH:1
BRF:0
BRH:0
end_of_record
TN:
SF:/home/evelin/pruebas/clickEscuelaAngular/src/app/components/commons/data2.ts
FNF:0
FNH:0
DA:1,1
LF:1
LH:1
BRF:0
BRH:0
end_of_record
TN:
SF:/home/evelin/pruebas/clickEscuelaAngular/src/app/components/commons/data3.ts
FNF:0
FNH:0
DA:1,1
LF:1
LH:1
BRF:0
BRH:0
end_of_record
TN:
SF:/home/evelin/pruebas/clickEscuelaAngular/src/app/components/commons/Error404/Error404.component.ts
FN:10,(anonymous_0)
FN:12,(anonymous_1)
FNF:2
FNH:2
FNDA:1,(anonymous_0)
FNDA:1,(anonymous_1)
DA:8,1
LF:1
LH:1
BRF:0
BRH:0
end_of_record
TN:
SF:/home/evelin/pruebas/clickEscuelaAngular/src/app/components/commons/add-calendar-event/add-calendar-event.component.ts
FN:43,(anonymous_0)
FN:60,(anonymous_1)
FN:62,(anonymous_2)
FN:66,(anonymous_3)
FN:78,(anonymous_4)
FN:83,(anonymous_5)
FNF:6
FNH:6
FNDA:3,(anonymous_0)
FNDA:3,(anonymous_1)
FNDA:1,(anonymous_2)
FNDA:3,(anonymous_3)
FNDA:1,(anonymous_4)
FNDA:1,(anonymous_5)
DA:13,1
DA:16,3
DA:25,3
DA:44,3
DA:45,3
DA:46,3
DA:49,3
DA:56,3
DA:57,3
DA:63,1
DA:67,3
DA:69,3
DA:79,1
DA:80,1
DA:84,1
LF:15
LH:15
BRF:0
BRH:0
end_of_record
TN:
SF:/home/evelin/pruebas/clickEscuelaAngular/src/app/components/commons/calendar/calendar.component.ts
FN:72,(anonymous_0)
FN:86,(anonymous_1)
FN:90,(anonymous_2)
FN:96,(anonymous_3)
FN:101,(anonymous_4)
FN:106,(anonymous_5)
FN:108,(anonymous_6)
FN:116,(anonymous_7)
FN:125,(anonymous_8)
FN:141,(anonymous_9)
FN:151,(anonymous_10)
FN:158,(anonymous_11)
FN:191,(anonymous_12)
FN:196,(anonymous_13)
FN:229,(anonymous_14)
FNF:15
FNH:7
FNDA:1,(anonymous_0)
FNDA:0,(anonymous_1)
FNDA:1,(anonymous_2)
FNDA:2,(anonymous_3)
FNDA:2,(anonymous_4)
FNDA:0,(anonymous_5)
FNDA:1,(anonymous_6)
FNDA:30,(anonymous_7)
FNDA:120,(anonymous_8)
FNDA:0,(anonymous_9)
FNDA:0,(anonymous_10)
FNDA:0,(anonymous_11)
FNDA:0,(anonymous_12)
FNDA:0,(anonymous_13)
FNDA:0,(anonymous_14)
DA:26,1
DA:36,1
DA:54,1
DA:73,1
DA:74,1
DA:75,1
DA:77,1
DA:79,1
DA:80,1
DA:82,1
DA:87,0
DA:91,1
DA:97,2
DA:98,2
DA:102,2
DA:103,2
DA:109,1
DA:110,1
DA:111,1
DA:113,1
DA:114,1
DA:116,1
DA:117,30
DA:118,30
DA:119,30
DA:126,120
DA:131,1
DA:133,1
DA:134,1
DA:135,1
DA:137,1
DA:138,1
DA:142,0
DA:143,0
DA:144,0
DA:146,0
DA:147,0
DA:152,0
DA:153,0
DA:154,0
DA:155,0
DA:159,0
DA:161,0
DA:163,0
DA:164,0
DA:165,0
DA:167,0
DA:169,0
DA:170,0
DA:172,0
DA:176,0
DA:177,0
DA:179,0
DA:180,0
DA:183,0
DA:191,0
DA:197,0
DA:199,0
DA:201,0
DA:202,0
DA:203,0
DA:205,0
DA:207,0
DA:208,0
DA:210,0
DA:214,0
DA:215,0
DA:217,0
DA:218,0
DA:221,0
DA:229,0
DA:230,0
DA:231,0
LF:73
LH:31
BRDA:142,0,0,0
BRDA:142,0,1,0
BRDA:169,1,0,0
BRDA:169,1,1,0
BRDA:179,2,0,0
BRDA:179,2,1,0
BRDA:207,3,0,0
BRDA:207,3,1,0
BRDA:217,4,0,0
BRDA:217,4,1,0
BRDA:230,5,0,0
BRDA:230,5,1,0
BRF:12
BRH:0
end_of_record
TN:
SF:/home/evelin/pruebas/clickEscuelaAngular/src/app/components/commons/confirm-dialog/confirm-dialog.component.ts
FN:17,(anonymous_0)
FN:22,(anonymous_1)
FNF:2
FNH:2
FNDA:1,(anonymous_0)
FNDA:1,(anonymous_1)
DA:9,1
DA:11,1
DA:17,1
DA:18,1
DA:19,1
LF:5
LH:5
BRF:0
BRH:0
end_of_record
TN:
SF:/home/evelin/pruebas/clickEscuelaAngular/src/app/components/commons/contact-info/contact-info.component.ts
FN:11,(anonymous_0)
FN:13,(anonymous_1)
FN:17,(anonymous_2)
FNF:3
FNH:3
FNDA:1,(anonymous_0)
FNDA:1,(anonymous_1)
FNDA:1,(anonymous_2)
DA:9,1
DA:11,1
DA:14,1
DA:18,1
DA:19,1
DA:20,1
DA:21,1
DA:22,1
DA:23,1
DA:24,1
DA:25,1
DA:26,1
DA:28,1
DA:30,1
LF:14
LH:14
BRDA:19,0,0,1
BRDA:19,0,1,0
BRDA:20,1,0,1
BRDA:20,1,1,0
BRDA:21,2,0,1
BRDA:21,2,1,0
BRDA:22,3,0,1
BRDA:22,3,1,0
BRDA:23,4,0,1
BRDA:23,4,1,0
BRDA:24,5,0,1
BRDA:24,5,1,0
BRDA:25,6,0,1
BRDA:25,6,1,0
BRDA:26,7,0,1
BRDA:26,7,1,0
BRF:16
BRH:8
end_of_record
TN:
SF:/home/evelin/pruebas/clickEscuelaAngular/src/app/components/commons/dashboard-chart/dashboard-chart.component.ts
FN:28,(anonymous_0)
FN:31,(anonymous_1)
FN:36,(anonymous_2)
FN:40,(anonymous_3)
FN:44,(anonymous_4)
FNF:5
FNH:2
FNDA:1,(anonymous_0)
FNDA:1,(anonymous_1)
FNDA:0,(anonymous_2)
FNDA:0,(anonymous_3)
FNDA:0,(anonymous_4)
DA:10,1
DA:15,1
DA:18,1
DA:19,1
DA:20,1
DA:21,1
DA:22,1
DA:24,1
DA:32,1
DA:33,1
DA:37,0
DA:41,0
DA:45,0
LF:13
LH:10
BRF:0
BRH:0
end_of_record
TN:
SF:/home/evelin/pruebas/clickEscuelaAngular/src/app/components/commons/dashboard-chart-advance/dashboard-chart-advance.component.ts
FN:25,(anonymous_0)
FN:29,(anonymous_1)
FN:33,(anonymous_2)
FN:37,(anonymous_3)
FN:40,(anonymous_4)
FNF:5
FNH:2
FNDA:1,(anonymous_0)
FNDA:0,(anonymous_1)
FNDA:0,(anonymous_2)
FNDA:0,(anonymous_3)
FNDA:1,(anonymous_4)
DA:8,1
DA:13,1
DA:16,1
DA:17,1
DA:18,1
DA:19,1
DA:21,1
DA:30,0
DA:34,0
DA:38,0
DA:41,1
DA:42,1
LF:12
LH:9
BRF:0
BRH:0
end_of_record
TN:
SF:/home/evelin/pruebas/clickEscuelaAngular/src/app/components/commons/dashboard-vertical/dashboard-vertical.component.ts
FN:13,(anonymous_0)
FN:36,(anonymous_1)
FN:38,(anonymous_2)
FNF:3
FNH:2
FNDA:1,(anonymous_0)
FNDA:0,(anonymous_1)
FNDA:1,(anonymous_2)
DA:10,1
DA:14,1
DA:20,1
DA:23,1
DA:24,1
DA:25,1
DA:26,1
DA:27,1
DA:28,1
DA:29,1
DA:30,1
DA:32,1
LF:12
LH:12
BRF:0
BRH:0
end_of_record
TN:
SF:/home/evelin/pruebas/clickEscuelaAngular/src/app/components/commons/detail-student/detail-student.component.ts
FN:10,(anonymous_0)
FN:12,(anonymous_1)
FNF:2
FNH:2
FNDA:1,(anonymous_0)
FNDA:1,(anonymous_1)
DA:8,1
LF:1
LH:1
BRF:0
BRH:0
end_of_record
TN:
SF:/home/evelin/pruebas/clickEscuelaAngular/src/app/components/commons/event-detail/event-detail.component.ts
FN:40,(anonymous_0)
FN:60,(anonymous_1)
FNF:2
FNH:2
FNDA:1,(anonymous_0)
FNDA:1,(anonymous_1)
DA:12,1
DA:13,1
DA:23,1
DA:41,1
DA:42,1
DA:44,1
DA:45,1
DA:46,1
DA:47,1
DA:49,1
LF:10
LH:10
BRF:0
BRH:0
end_of_record
TN:
SF:/home/evelin/pruebas/clickEscuelaAngular/src/app/components/commons/load-dashboard/load-dashboard.component.ts
FN:14,(anonymous_0)
FN:18,(anonymous_1)
FN:21,(anonymous_2)
FNF:3
FNH:2
FNDA:1,(anonymous_0)
FNDA:1,(anonymous_1)
FNDA:0,(anonymous_2)
DA:9,1
DA:10,1
DA:11,1
DA:12,1
DA:13,1
DA:22,0
DA:23,0
DA:24,0
DA:25,0
DA:28,0
DA:29,0
DA:30,0
LF:12
LH:5
BRDA:22,0,0,0
BRDA:22,0,1,0
BRF:2
BRH:0
end_of_record
TN:
SF:/home/evelin/pruebas/clickEscuelaAngular/src/app/components/commons/load-screen/load-screen.component.ts
FN:21,(anonymous_0)
FN:23,(anonymous_1)
FN:26,(anonymous_2)
FNF:3
FNH:2
FNDA:3,(anonymous_0)
FNDA:3,(anonymous_1)
FNDA:0,(anonymous_2)
DA:9,1
DA:19,3
DA:21,3
DA:27,0
LF:4
LH:3
BRF:0
BRH:0
end_of_record
TN:
SF:/home/evelin/pruebas/clickEscuelaAngular/src/app/components/commons/login/login.component.ts
FN:47,(anonymous_0)
FN:66,(anonymous_1)
FN:70,(anonymous_2)
FN:75,(anonymous_3)
FN:80,(anonymous_4)
FN:91,(anonymous_5)
FN:95,(anonymous_6)
FN:101,(anonymous_7)
FN:109,(anonymous_8)
FN:121,(anonymous_9)
FN:133,(anonymous_10)
FN:138,(anonymous_11)
FN:150,(anonymous_12)
FN:158,(anonymous_13)
FN:182,(anonymous_14)
FNF:15
FNH:6
FNDA:1,(anonymous_0)
FNDA:1,(anonymous_1)
FNDA:1,(anonymous_2)
FNDA:1,(anonymous_3)
FNDA:1,(anonymous_4)
FNDA:0,(anonymous_5)
FNDA:1,(anonymous_6)
FNDA:0,(anonymous_7)
FNDA:0,(anonymous_8)
FNDA:0,(anonymous_9)
FNDA:0,(anonymous_10)
FNDA:0,(anonymous_11)
FNDA:0,(anonymous_12)
FNDA:0,(anonymous_13)
FNDA:0,(anonymous_14)
DA:18,1
DA:19,1
DA:20,1
DA:23,1
DA:24,1
DA:25,1
DA:26,1
DA:28,1
DA:37,1
DA:48,1
DA:49,1
DA:50,1
DA:51,1
DA:53,1
DA:54,1
DA:55,1
DA:57,1
DA:73,1
DA:75,1
DA:76,1
DA:77,1
DA:80,1
DA:81,1
DA:82,1
DA:83,0
DA:92,0
DA:97,1
DA:98,0
DA:99,0
DA:101,0
DA:105,0
DA:107,0
DA:109,0
DA:110,0
DA:117,0
DA:120,0
DA:121,0
DA:122,0
DA:134,0
DA:135,0
DA:142,0
DA:144,0
DA:147,0
DA:148,0
DA:150,0
DA:151,0
DA:153,0
DA:159,0
DA:161,0
DA:163,0
DA:164,0
DA:165,0
DA:166,0
DA:167,0
DA:169,0
DA:170,0
DA:171,0
DA:172,0
DA:173,0
DA:176,0
DA:179,0
DA:180,0
DA:182,0
DA:183,0
DA:185,0
DA:188,0
DA:189,0
DA:190,0
DA:191,0
DA:193,0
LF:70
LH:25
BRDA:97,0,0,0
BRDA:97,0,1,1
BRDA:105,1,0,0
BRDA:105,1,1,0
BRDA:142,2,0,0
BRDA:142,2,1,0
BRDA:163,3,0,0
BRDA:163,3,1,0
BRDA:163,4,0,0
BRDA:163,4,1,0
BRDA:169,5,0,0
BRDA:169,5,1,0
BRDA:169,6,0,0
BRDA:169,6,1,0
BRDA:179,7,0,0
BRDA:179,7,1,0
BRDA:190,8,0,0
BRDA:190,8,1,0
BRF:18
BRH:1
end_of_record
TN:
SF:/home/evelin/pruebas/clickEscuelaAngular/src/app/components/commons/menu/menu.component.ts
FN:50,(anonymous_0)
FN:56,(anonymous_1)
FN:70,(anonymous_2)
FN:78,(anonymous_3)
FN:82,(anonymous_4)
FN:86,(anonymous_5)
FN:93,(anonymous_6)
FN:98,(anonymous_7)
FN:102,(anonymous_8)
FNF:9
FNH:2
FNDA:1,(anonymous_0)
FNDA:0,(anonymous_1)
FNDA:0,(anonymous_2)
FNDA:0,(anonymous_3)
FNDA:0,(anonymous_4)
FNDA:0,(anonymous_5)
FNDA:0,(anonymous_6)
FNDA:0,(anonymous_7)
FNDA:1,(anonymous_8)
DA:26,1
DA:27,1
DA:28,1
DA:29,1
DA:30,1
DA:31,1
DA:32,1
DA:33,1
DA:34,1
DA:35,1
DA:36,1
DA:37,1
DA:46,1
DA:50,1
DA:51,1
DA:57,0
DA:58,0
DA:59,0
DA:60,0
DA:62,0
DA:63,0
DA:71,0
DA:73,0
DA:74,0
DA:79,0
DA:83,0
DA:87,0
DA:88,0
DA:89,0
DA:94,0
DA:95,0
DA:99,0
LF:32
LH:15
BRDA:57,0,0,0
BRDA:57,0,1,0
BRDA:58,1,0,0
BRDA:58,1,1,0
BRDA:71,2,0,0
BRDA:71,2,1,0
BRDA:89,3,0,0
BRDA:89,3,1,0
BRF:8
BRH:0
end_of_record
TN:
SF:/home/evelin/pruebas/clickEscuelaAngular/src/app/components/commons/notification/notification.component.ts
FN:35,(anonymous_0)
FN:20,(anonymous_1)
FN:25,(anonymous_2)
FN:29,(anonymous_3)
FN:42,(anonymous_4)
FNF:5
FNH:3
FNDA:1,(anonymous_0)
FNDA:0,(anonymous_1)
FNDA:0,(anonymous_2)
FNDA:1,(anonymous_3)
FNDA:1,(anonymous_4)
DA:10,1
DA:11,1
DA:15,1
DA:16,1
DA:17,1
DA:21,0
DA:22,0
DA:26,0
DA:30,1
DA:36,1
DA:38,1
DA:44,1
LF:12
LH:9
BRDA:21,0,0,0
BRDA:21,0,1,0
BRF:2
BRH:0
end_of_record
TN:
SF:/home/evelin/pruebas/clickEscuelaAngular/src/app/components/commons/payments-detail/payments-detail.component.ts
FN:50,(anonymous_0)
FN:81,(anonymous_1)
FN:85,(anonymous_2)
FN:95,(anonymous_3)
FN:105,(anonymous_4)
FN:108,(anonymous_5)
FN:129,(anonymous_6)
FN:132,(anonymous_7)
FN:152,(anonymous_8)
FN:156,(anonymous_9)
FN:373,(anonymous_10)
FN:382,(anonymous_11)
FN:390,(anonymous_12)
FN:394,(anonymous_13)
FNF:14
FNH:3
FNDA:1,(anonymous_0)
FNDA:0,(anonymous_1)
FNDA:1,(anonymous_2)
FNDA:1,(anonymous_3)
FNDA:0,(anonymous_4)
FNDA:0,(anonymous_5)
FNDA:0,(anonymous_6)
FNDA:0,(anonymous_7)
FNDA:0,(anonymous_8)
FNDA:0,(anonymous_9)
FNDA:0,(anonymous_10)
FNDA:0,(anonymous_11)
FNDA:0,(anonymous_12)
FNDA:0,(anonymous_13)
DA:19,1
DA:28,1
DA:48,1
DA:51,1
DA:52,1
DA:53,1
DA:54,1
DA:55,1
DA:57,1
DA:58,1
DA:59,1
DA:60,1
DA:61,1
DA:62,1
DA:72,1
DA:73,136
DA:75,1
DA:76,12
DA:82,0
DA:86,1
DA:89,1
DA:90,1
DA:91,1
DA:92,1
DA:96,1
DA:97,1
DA:98,1
DA:99,0
DA:102,1
DA:106,0
DA:107,0
DA:108,0
DA:110,0
DA:111,0
DA:112,0
DA:117,0
DA:118,0
DA:119,0
DA:124,0
DA:125,0
DA:130,0
DA:131,0
DA:132,0
DA:134,0
DA:135,0
DA:136,0
DA:140,0
DA:141,0
DA:142,0
DA:147,0
DA:148,0
DA:153,0
DA:157,0
DA:159,0
DA:161,0
DA:162,0
DA:164,0
DA:165,0
DA:166,0
DA:167,0
DA:168,0
DA:169,0
DA:170,0
DA:172,0
DA:173,0
DA:174,0
DA:175,0
DA:177,0
DA:178,0
DA:179,0
DA:181,0
DA:182,0
DA:183,0
DA:184,0
DA:186,0
DA:187,0
DA:188,0
DA:190,0
DA:191,0
DA:193,0
DA:195,0
DA:196,0
DA:198,0
DA:199,0
DA:201,0
DA:202,0
DA:208,0
DA:210,0
DA:211,0
DA:213,0
DA:215,0
DA:216,0
DA:217,0
DA:219,0
DA:221,0
DA:222,0
DA:223,0
DA:224,0
DA:225,0
DA:227,0
DA:228,0
DA:229,0
DA:230,0
DA:231,0
DA:237,0
DA:240,0
DA:246,0
DA:247,0
DA:253,0
DA:254,0
DA:256,0
DA:261,0
DA:267,0
DA:268,0
DA:270,0
DA:271,0
DA:272,0
DA:274,0
DA:276,0
DA:278,0
DA:279,0
DA:282,0
DA:292,0
DA:293,0
DA:294,0
DA:296,0
DA:298,0
DA:299,0
DA:300,0
DA:306,0
DA:307,0
DA:308,0
DA:310,0
DA:311,0
DA:312,0
DA:313,0
DA:315,0
DA:316,0
DA:317,0
DA:319,0
DA:320,0
DA:321,0
DA:323,0
DA:325,0
DA:330,0
DA:336,0
DA:337,0
DA:338,0
DA:339,0
DA:341,0
DA:343,0
DA:354,0
DA:361,0
DA:362,0
DA:364,0
DA:366,0
DA:373,0
DA:374,0
DA:375,0
DA:376,0
DA:377,0
DA:378,0
DA:387,0
DA:391,0
DA:395,0
LF:165
LH:27
BRDA:98,0,0,0
BRDA:98,0,1,1
BRDA:106,1,0,0
BRDA:106,1,1,0
BRDA:110,2,0,0
BRDA:110,2,1,0
BRDA:130,3,0,0
BRDA:130,3,1,0
BRDA:134,4,0,0
BRDA:134,4,1,0
BRDA:164,5,0,0
BRDA:164,5,1,0
BRDA:361,6,0,0
BRDA:361,6,1,0
BRDA:374,7,0,0
BRDA:374,7,1,0
BRDA:377,8,0,0
BRDA:377,8,1,0
BRF:18
BRH:1
end_of_record
TN:
SF:/home/evelin/pruebas/clickEscuelaAngular/src/app/components/commons/pie-chart/pie-chart.component.ts
FN:15,(anonymous_0)
FN:31,(anonymous_1)
FN:33,(anonymous_2)
FNF:3
FNH:2
FNDA:1,(anonymous_0)
FNDA:0,(anonymous_1)
FNDA:1,(anonymous_2)
DA:10,1
DA:16,1
DA:20,1
DA:23,1
DA:24,1
DA:26,1
LF:6
LH:6
BRF:0
BRH:0
end_of_record
TN:
SF:/home/evelin/pruebas/clickEscuelaAngular/src/app/components/commons/range-selector/range-selector.component.ts
FN:24,(anonymous_0)
FN:33,(anonymous_1)
FN:36,(anonymous_2)
FN:45,(anonymous_3)
FNF:4
FNH:2
FNDA:1,(anonymous_0)
FNDA:1,(anonymous_1)
FNDA:0,(anonymous_2)
FNDA:0,(anonymous_3)
DA:16,1
DA:18,1
DA:27,1
DA:29,1
DA:30,1
DA:37,0
DA:42,0
DA:46,0
DA:47,0
LF:9
LH:5
BRF:0
BRH:0
end_of_record
TN:
SF:/home/evelin/pruebas/clickEscuelaAngular/src/app/components/commons/vertical-bar-chart/vertical-bar-chart.component.ts
FN:10,(anonymous_0)
FN:12,(anonymous_1)
FNF:2
FNH:2
FNDA:1,(anonymous_0)
FNDA:1,(anonymous_1)
DA:8,1
LF:1
LH:1
BRF:0
BRH:0
end_of_record
TN:
SF:/home/evelin/pruebas/clickEscuelaAngular/src/app/components/parent/asistance/asistance.component.ts
FN:11,(anonymous_0)
FN:15,(anonymous_1)
FNF:2
FNH:2
FNDA:1,(anonymous_0)
FNDA:1,(anonymous_1)
DA:8,1
LF:1
LH:1
BRF:0
BRH:0
end_of_record
TN:
SF:/home/evelin/pruebas/clickEscuelaAngular/src/app/components/parent/asistance/asistance-list/asistance-list.component.ts
FN:44,(anonymous_0)
FN:63,(anonymous_1)
FN:67,(anonymous_2)
FN:80,(anonymous_3)
FN:84,(anonymous_4)
FN:90,(anonymous_5)
FN:95,(anonymous_6)
FN:103,(anonymous_7)
FN:117,(anonymous_8)
FN:125,(anonymous_9)
FN:130,(anonymous_10)
FNF:11
FNH:2
FNDA:1,(anonymous_0)
FNDA:0,(anonymous_1)
FNDA:0,(anonymous_2)
FNDA:0,(anonymous_3)
FNDA:0,(anonymous_4)
FNDA:0,(anonymous_5)
FNDA:0,(anonymous_6)
FNDA:1,(anonymous_7)
FNDA:0,(anonymous_8)
FNDA:0,(anonymous_9)
FNDA:0,(anonymous_10)
DA:14,1
DA:18,1
DA:34,1
DA:44,1
DA:45,1
DA:46,1
DA:47,1
DA:48,1
DA:49,1
DA:50,1
DA:51,1
DA:52,1
DA:53,1
DA:54,4
DA:55,4
DA:64,0
DA:67,0
DA:68,0
DA:69,0
DA:71,0
DA:72,0
DA:81,0
DA:86,0
DA:92,0
DA:96,0
DA:97,0
DA:104,1
DA:108,1
DA:109,1
DA:110,1
DA:111,1
DA:118,0
DA:120,0
DA:126,0
DA:132,0
DA:133,0
DA:135,0
DA:136,0
LF:38
LH:20
BRDA:71,0,0,0
BRDA:71,0,1,0
BRDA:135,1,0,0
BRDA:135,1,1,0
BRF:4
BRH:0
end_of_record
TN:
SF:/home/evelin/pruebas/clickEscuelaAngular/src/app/components/parent/grades/grades.component.ts
FN:12,(anonymous_0)
FN:19,(anonymous_1)
FN:22,(anonymous_2)
FNF:3
FNH:2
FNDA:1,(anonymous_0)
FNDA:0,(anonymous_1)
FNDA:1,(anonymous_2)
DA:8,1
DA:13,1
DA:14,1
DA:15,1
LF:4
LH:4
BRF:0
BRH:0
end_of_record
TN:
SF:/home/evelin/pruebas/clickEscuelaAngular/src/app/components/parent/grades/grades-list/grades-list.component.ts
FN:46,(anonymous_0)
FN:53,(anonymous_1)
FN:58,(anonymous_2)
FN:60,(anonymous_3)
FN:65,(anonymous_4)
FN:81,(anonymous_5)
FN:89,(anonymous_6)
FN:94,(anonymous_7)
FN:98,(anonymous_8)
FN:102,(anonymous_9)
FN:109,(anonymous_10)
FN:116,(anonymous_11)
FN:123,(anonymous_12)
FN:128,(anonymous_13)
FN:134,(anonymous_14)
FN:138,(anonymous_15)
FNF:16
FNH:5
FNDA:5,(anonymous_0)
FNDA:70,(anonymous_1)
FNDA:5,(anonymous_2)
FNDA:70,(anonymous_3)
FNDA:5,(anonymous_4)
FNDA:0,(anonymous_5)
FNDA:0,(anonymous_6)
FNDA:0,(anonymous_7)
FNDA:0,(anonymous_8)
FNDA:0,(anonymous_9)
FNDA:0,(anonymous_10)
FNDA:0,(anonymous_11)
FNDA:0,(anonymous_12)
FNDA:0,(anonymous_13)
FNDA:0,(anonymous_14)
FNDA:0,(anonymous_15)
DA:26,1
DA:29,5
DA:42,5
DA:47,5
DA:48,5
DA:49,5
DA:51,5
DA:52,5
DA:53,70
DA:55,5
DA:59,5
DA:60,70
DA:62,5
DA:66,5
DA:67,0
DA:69,5
DA:73,5
DA:74,5
DA:75,5
DA:76,5
DA:78,5
DA:82,0
DA:83,0
DA:85,0
DA:86,0
DA:90,0
DA:91,0
DA:95,0
DA:99,0
DA:103,0
DA:109,0
DA:110,0
DA:111,0
DA:117,0
DA:123,0
DA:124,0
DA:129,0
DA:130,0
DA:135,0
LF:39
LH:20
BRDA:66,0,0,0
BRDA:66,0,1,5
BRDA:85,1,0,0
BRDA:85,1,1,0
BRDA:110,2,0,0
BRDA:110,2,1,0
BRF:6
BRH:1
end_of_record
TN:
SF:/home/evelin/pruebas/clickEscuelaAngular/src/app/components/parent/messages/messages.component.ts
FN:13,(anonymous_0)
FN:17,(anonymous_1)
FNF:2
FNH:2
FNDA:1,(anonymous_0)
FNDA:1,(anonymous_1)
DA:8,1
DA:18,1
DA:19,0
DA:22,1
LF:4
LH:3
BRDA:18,0,0,0
BRDA:18,0,1,1
BRF:2
BRH:1
end_of_record
TN:
SF:/home/evelin/pruebas/clickEscuelaAngular/src/app/components/parent/messages/message-content/message-content.component.ts
FN:81,(anonymous_0)
FN:122,(anonymous_1)
FN:126,(anonymous_2)
FN:129,(anonymous_3)
FN:133,(anonymous_4)
FN:139,(anonymous_5)
FN:159,(anonymous_6)
FN:177,(anonymous_7)
FN:186,(anonymous_8)
FN:203,(anonymous_9)
FN:218,(anonymous_10)
FN:224,(anonymous_11)
FN:235,(anonymous_12)
FN:240,(anonymous_13)
FN:243,(anonymous_14)
FN:305,(anonymous_15)
FN:323,(anonymous_16)
FN:335,(anonymous_17)
FN:340,(anonymous_18)
FN:348,(anonymous_19)
FN:356,(anonymous_20)
FN:362,(anonymous_21)
FN:373,(anonymous_22)
FN:377,(anonymous_23)
FN:402,(anonymous_24)
FN:423,(anonymous_25)
FN:429,(anonymous_26)
FN:438,(anonymous_27)
FN:451,(anonymous_28)
FN:454,(anonymous_29)
FN:459,(anonymous_30)
FN:465,(anonymous_31)
FN:470,(anonymous_32)
FN:475,(anonymous_33)
FN:484,(anonymous_34)
FN:490,(anonymous_35)
FN:494,(anonymous_36)
FN:498,(anonymous_37)
FN:507,(anonymous_38)
FN:511,(anonymous_39)
FN:516,(anonymous_40)
FN:533,(anonymous_41)
FN:535,(anonymous_42)
FN:541,(anonymous_43)
FN:546,(anonymous_44)
FN:551,(anonymous_45)
FNF:46
FNH:12
FNDA:7,(anonymous_0)
FNDA:0,(anonymous_1)
FNDA:1,(anonymous_2)
FNDA:1,(anonymous_3)
FNDA:0,(anonymous_4)
FNDA:2,(anonymous_5)
FNDA:2,(anonymous_6)
FNDA:0,(anonymous_7)
FNDA:0,(anonymous_8)
FNDA:0,(anonymous_9)
FNDA:0,(anonymous_10)
FNDA:0,(anonymous_11)
FNDA:0,(anonymous_12)
FNDA:0,(anonymous_13)
FNDA:0,(anonymous_14)
FNDA:8,(anonymous_15)
FNDA:0,(anonymous_16)
FNDA:4,(anonymous_17)
FNDA:0,(anonymous_18)
FNDA:0,(anonymous_19)
FNDA:0,(anonymous_20)
FNDA:0,(anonymous_21)
FNDA:0,(anonymous_22)
FNDA:0,(anonymous_23)
FNDA:0,(anonymous_24)
FNDA:0,(anonymous_25)
FNDA:7,(anonymous_26)
FNDA:0,(anonymous_27)
FNDA:7,(anonymous_28)
FNDA:0,(anonymous_29)
FNDA:0,(anonymous_30)
FNDA:7,(anonymous_31)
FNDA:0,(anonymous_32)
FNDA:0,(anonymous_33)
FNDA:0,(anonymous_34)
FNDA:0,(anonymous_35)
FNDA:0,(anonymous_36)
FNDA:0,(anonymous_37)
FNDA:0,(anonymous_38)
FNDA:0,(anonymous_39)
FNDA:0,(anonymous_40)
FNDA:0,(anonymous_41)
FNDA:0,(anonymous_42)
FNDA:0,(anonymous_43)
FNDA:14,(anonymous_44)
FNDA:14,(anonymous_45)
DA:30,1
DA:61,7
DA:63,7
DA:82,7
DA:83,7
DA:84,7
DA:85,7
DA:86,7
DA:88,7
DA:89,7
DA:96,7
DA:98,7
DA:99,7
DA:100,7
DA:101,7
DA:103,7
DA:105,7
DA:107,7
DA:109,7
DA:111,7
DA:112,7
DA:113,7
DA:114,7
DA:116,7
DA:118,7
DA:119,7
DA:123,0
DA:127,1
DA:130,1
DA:134,0
DA:140,2
DA:141,1
DA:143,1
DA:147,2
DA:148,2
DA:150,2
DA:160,2
DA:161,1
DA:163,1
DA:165,2
DA:166,2
DA:168,2
DA:178,0
DA:179,0
DA:181,0
DA:182,0
DA:187,0
DA:188,0
DA:189,0
DA:190,0
DA:192,0
DA:193,0
DA:194,0
DA:195,0
DA:196,0
DA:197,0
DA:198,0
DA:199,0
DA:205,0
DA:206,0
DA:207,0
DA:211,0
DA:212,0
DA:213,0
DA:216,0
DA:217,0
DA:218,0
DA:219,0
DA:225,0
DA:226,0
DA:227,0
DA:230,0
DA:231,0
DA:234,0
DA:235,0
DA:236,0
DA:244,0
DA:245,0
DA:246,0
DA:248,0
DA:250,0
DA:251,0
DA:252,0
DA:254,0
DA:255,0
DA:257,0
DA:259,0
DA:261,0
DA:262,0
DA:263,0
DA:265,0
DA:266,0
DA:267,0
DA:268,0
DA:269,0
DA:270,0
DA:272,0
DA:273,0
DA:274,0
DA:276,0
DA:281,0
DA:282,0
DA:284,0
DA:285,0
DA:286,0
DA:290,0
DA:292,0
DA:294,0
DA:295,0
DA:296,0
DA:297,0
DA:298,0
DA:299,0
DA:306,8
DA:308,8
DA:309,24
DA:310,120
DA:315,0
DA:317,0
DA:324,0
DA:326,0
DA:327,0
DA:330,0
DA:331,0
DA:336,4
DA:337,4
DA:342,0
DA:348,0
DA:349,0
DA:350,0
DA:357,0
DA:358,0
DA:364,0
DA:365,0
DA:366,0
DA:369,0
DA:370,0
DA:378,0
DA:380,0
DA:382,0
DA:383,0
DA:385,0
DA:387,0
DA:389,0
DA:390,0
DA:392,0
DA:393,0
DA:397,0
DA:398,0
DA:402,0
DA:403,0
DA:408,0
DA:409,0
DA:410,0
DA:414,0
DA:415,0
DA:417,0
DA:419,0
DA:424,0
DA:425,0
DA:430,7
DA:433,7
DA:435,7
DA:436,7
DA:438,7
DA:439,0
DA:440,0
DA:442,0
DA:443,0
DA:447,7
DA:452,7
DA:453,0
DA:454,0
DA:456,0
DA:457,7
DA:458,0
DA:459,0
DA:461,0
DA:466,7
DA:467,7
DA:471,0
DA:472,0
DA:476,0
DA:477,0
DA:478,0
DA:480,0
DA:481,0
DA:485,0
DA:486,0
DA:488,0
DA:490,0
DA:495,0
DA:496,0
DA:498,0
DA:499,0
DA:500,0
DA:501,0
DA:504,0
DA:508,0
DA:512,0
DA:518,0
DA:519,0
DA:520,0
DA:522,0
DA:527,0
DA:529,0
DA:534,0
DA:535,0
DA:542,0
DA:543,0
DA:547,14
DA:548,14
DA:552,14
DA:554,14
LF:214
LH:60
BRDA:140,0,0,1
BRDA:140,0,1,1
BRDA:160,1,0,1
BRDA:160,1,1,1
BRDA:181,2,0,0
BRDA:181,2,1,0
BRDA:187,3,0,0
BRDA:187,3,1,0
BRDA:205,4,0,0
BRDA:205,4,1,0
BRDA:211,5,0,0
BRDA:211,5,1,0
BRDA:212,6,0,0
BRDA:212,6,1,0
BRDA:225,7,0,0
BRDA:225,7,1,0
BRDA:230,8,0,0
BRDA:230,8,1,0
BRDA:250,9,0,0
BRDA:250,9,1,0
BRDA:254,10,0,0
BRDA:254,10,1,0
BRDA:254,11,0,0
BRDA:254,11,1,0
BRDA:267,12,0,0
BRDA:267,12,1,0
BRDA:281,13,0,0
BRDA:281,13,1,0
BRDA:284,14,0,0
BRDA:284,14,1,0
BRDA:310,15,0,0
BRDA:310,15,1,120
BRDA:330,16,0,0
BRDA:330,16,1,0
BRDA:349,17,0,0
BRDA:349,17,1,0
BRDA:382,18,0,0
BRDA:382,18,1,0
BRDA:389,19,0,0
BRDA:389,19,1,0
BRDA:392,20,0,0
BRDA:392,20,1,0
BRDA:397,21,0,0
BRDA:397,21,1,0
BRDA:408,22,0,0
BRDA:408,22,1,0
BRDA:414,23,0,0
BRDA:414,23,1,0
BRDA:424,24,0,0
BRDA:424,24,1,0
BRDA:439,25,0,0
BRDA:439,25,1,0
BRDA:439,26,0,0
BRDA:439,26,1,0
BRDA:442,27,0,0
BRDA:442,27,1,0
BRDA:442,28,0,0
BRDA:442,28,1,0
BRDA:452,29,0,0
BRDA:452,29,1,7
BRDA:457,30,0,0
BRDA:457,30,1,7
BRDA:476,31,0,0
BRDA:476,31,1,0
BRDA:499,32,0,0
BRDA:499,32,1,0
BRDA:518,33,0,0
BRDA:518,33,1,0
BRDA:522,34,0,0
BRDA:522,34,1,0
BRF:70
BRH:7
end_of_record
TN:
SF:/home/evelin/pruebas/clickEscuelaAngular/src/app/components/parent/parent-menu/parent-menu.component.ts
FN:50,(anonymous_0)
FN:54,(anonymous_1)
FN:66,(anonymous_2)
FN:74,(anonymous_3)
FN:78,(anonymous_4)
FN:82,(anonymous_5)
FN:89,(anonymous_6)
FN:96,(anonymous_7)
FN:100,(anonymous_8)
FNF:9
FNH:2
FNDA:1,(anonymous_0)
FNDA:0,(anonymous_1)
FNDA:0,(anonymous_2)
FNDA:0,(anonymous_3)
FNDA:0,(anonymous_4)
FNDA:0,(anonymous_5)
FNDA:0,(anonymous_6)
FNDA:0,(anonymous_7)
FNDA:1,(anonymous_8)
DA:26,1
DA:27,1
DA:28,1
DA:29,1
DA:30,1
DA:31,1
DA:32,1
DA:33,1
DA:34,1
DA:35,1
DA:36,1
DA:37,1
DA:46,1
DA:50,1
DA:55,0
DA:56,0
DA:57,0
DA:58,0
DA:60,0
DA:61,0
DA:67,0
DA:69,0
DA:70,0
DA:75,0
DA:79,0
DA:83,0
DA:84,0
DA:85,0
DA:90,0
DA:91,0
DA:97,0
LF:31
LH:14
BRDA:55,0,0,0
BRDA:55,0,1,0
BRDA:56,1,0,0
BRDA:56,1,1,0
BRDA:67,2,0,0
BRDA:67,2,1,0
BRDA:85,3,0,0
BRDA:85,3,1,0
BRF:8
BRH:0
end_of_record
TN:
SF:/home/evelin/pruebas/clickEscuelaAngular/src/app/components/parent/payment/payment.component.ts
FN:26,(anonymous_0)
FN:38,(anonymous_1)
FN:41,(anonymous_2)
FN:46,(anonymous_3)
FN:53,(anonymous_4)
FN:59,(anonymous_5)
FN:62,(anonymous_6)
FN:66,(anonymous_7)
FN:67,(anonymous_8)
FN:77,(anonymous_9)
FNF:10
FNH:6
FNDA:1,(anonymous_0)
FNDA:6,(anonymous_1)
FNDA:6,(anonymous_2)
FNDA:0,(anonymous_3)
FNDA:0,(anonymous_4)
FNDA:0,(anonymous_5)
FNDA:0,(anonymous_6)
FNDA:1,(anonymous_7)
FNDA:4,(anonymous_8)
FNDA:1,(anonymous_9)
DA:15,1
DA:21,1
DA:22,1
DA:24,1
DA:27,1
DA:28,1
DA:29,1
DA:30,1
DA:32,1
DA:33,1
DA:34,1
DA:35,1
DA:36,1
DA:37,1
DA:38,6
DA:40,1
DA:41,6
DA:43,1
DA:47,0
DA:53,0
DA:54,0
DA:60,0
DA:63,0
DA:67,4
DA:68,1
DA:70,1
DA:71,1
DA:72,2
DA:78,1
LF:29
LH:24
BRDA:54,0,0,0
BRDA:54,0,1,0
BRF:2
BRH:0
end_of_record
TN:
SF:/home/evelin/pruebas/clickEscuelaAngular/src/app/components/parent/payment/payment-list/payment-list.component.ts
FN:30,(anonymous_0)
FN:33,(anonymous_1)
FN:38,(anonymous_2)
FN:65,(anonymous_3)
FN:66,(anonymous_4)
FN:79,(anonymous_5)
FN:80,(anonymous_6)
FN:84,(anonymous_7)
FNF:8
FNH:0
FNDA:0,(anonymous_0)
FNDA:0,(anonymous_1)
FNDA:0,(anonymous_2)
FNDA:0,(anonymous_3)
FNDA:0,(anonymous_4)
FNDA:0,(anonymous_5)
FNDA:0,(anonymous_6)
FNDA:0,(anonymous_7)
DA:15,1
DA:19,0
DA:30,0
DA:34,0
DA:35,0
DA:39,0
DA:40,0
DA:42,0
DA:44,0
DA:47,0
DA:49,0
DA:53,0
DA:55,0
DA:56,0
DA:57,0
DA:62,0
DA:66,0
DA:68,0
DA:72,0
DA:73,0
DA:74,0
DA:75,0
DA:80,0
DA:85,0
DA:86,0
DA:88,0
DA:89,0
LF:27
LH:1
BRDA:56,0,0,0
BRDA:56,0,1,0
BRDA:88,1,0,0
BRDA:88,1,1,0
BRF:4
BRH:0
end_of_record
TN:
SF:/home/evelin/pruebas/clickEscuelaAngular/src/app/components/parent/report-card/report-card.component.ts
FN:11,(anonymous_0)
FN:13,(anonymous_1)
FNF:2
FNH:2
FNDA:1,(anonymous_0)
FNDA:1,(anonymous_1)
DA:8,1
LF:1
LH:1
BRF:0
BRH:0
end_of_record
TN:
SF:/home/evelin/pruebas/clickEscuelaAngular/src/app/components/parent/report-card/report-card-list/report-card-list.component.ts
FN:33,(anonymous_0)
FN:37,(anonymous_1)
FN:50,(anonymous_2)
FN:84,(anonymous_3)
FN:94,(anonymous_4)
FN:104,(anonymous_5)
FNF:6
FNH:2
FNDA:1,(anonymous_0)
FNDA:1,(anonymous_1)
FNDA:0,(anonymous_2)
FNDA:0,(anonymous_3)
FNDA:0,(anonymous_4)
FNDA:0,(anonymous_5)
DA:20,1
DA:24,1
DA:33,1
DA:34,1
DA:38,1
DA:43,1
DA:44,1
DA:45,1
DA:46,1
DA:51,0
DA:52,0
DA:54,0
DA:56,0
DA:59,0
DA:61,0
DA:65,0
DA:66,0
DA:67,0
DA:69,0
DA:70,0
DA:73,0
DA:81,0
DA:86,0
DA:94,0
DA:95,0
DA:96,0
DA:97,0
DA:105,0
DA:106,0
DA:108,0
DA:109,0
LF:31
LH:9
BRDA:95,0,0,0
BRDA:95,0,1,0
BRDA:108,1,0,0
BRDA:108,1,1,0
BRF:4
BRH:0
end_of_record
TN:
SF:/home/evelin/pruebas/clickEscuelaAngular/src/app/components/student/groups/groups.component.ts
FN:13,(anonymous_0)
FN:19,(anonymous_1)
FNF:2
FNH:2
FNDA:1,(anonymous_0)
FNDA:1,(anonymous_1)
DA:10,1
DA:13,1
DA:14,1
DA:15,1
LF:4
LH:4
BRF:0
BRH:0
end_of_record
TN:
SF:/home/evelin/pruebas/clickEscuelaAngular/src/app/components/student/groups/groups-list/groups-list.component.ts
FN:25,(anonymous_0)
FN:57,(anonymous_1)
FN:61,(anonymous_2)
FN:65,(anonymous_3)
FN:69,(anonymous_4)
FN:71,(anonymous_5)
FN:81,(anonymous_6)
FN:86,(anonymous_7)
FN:90,(anonymous_8)
FN:98,(anonymous_9)
FN:191,(anonymous_10)
FN:195,(anonymous_11)
FNF:12
FNH:4
FNDA:1,(anonymous_0)
FNDA:0,(anonymous_1)
FNDA:0,(anonymous_2)
FNDA:0,(anonymous_3)
FNDA:1,(anonymous_4)
FNDA:2,(anonymous_5)
FNDA:0,(anonymous_6)
FNDA:4,(anonymous_7)
FNDA:0,(anonymous_8)
FNDA:0,(anonymous_9)
FNDA:0,(anonymous_10)
FNDA:0,(anonymous_11)
DA:14,1
DA:28,1
DA:29,1
DA:31,1
DA:35,1
DA:39,1
DA:44,1
DA:48,1
DA:52,1
DA:53,1
DA:54,1
DA:58,0
DA:62,0
DA:66,0
DA:72,2
DA:73,2
DA:74,2
DA:75,0
DA:76,0
DA:78,2
DA:82,0
DA:87,4
DA:91,0
DA:92,0
DA:95,0
DA:96,0
DA:98,0
DA:99,0
DA:102,0
DA:104,0
DA:106,0
DA:108,0
DA:110,0
DA:112,0
DA:114,0
DA:116,0
DA:118,0
DA:121,0
DA:123,0
DA:126,0
DA:128,0
DA:131,0
DA:133,0
DA:136,0
DA:138,0
DA:141,0
DA:143,0
DA:147,0
DA:149,0
DA:150,0
DA:154,0
DA:155,0
DA:159,0
DA:160,0
DA:163,0
DA:167,0
DA:172,0
DA:173,0
DA:176,0
DA:177,0
DA:180,0
DA:184,0
DA:185,0
DA:187,0
DA:192,0
DA:196,0
DA:197,0
DA:201,0
LF:68
LH:16
BRDA:103,0,0,0
BRDA:103,0,1,0
BRDA:103,0,2,0
BRDA:103,0,3,0
BRDA:103,0,4,0
BRDA:103,0,5,0
BRDA:103,0,6,0
BRDA:103,0,7,0
BRDA:103,0,8,0
BRDA:103,0,9,0
BRDA:103,0,10,0
BRDA:149,1,0,0
BRDA:149,1,1,0
BRDA:154,2,0,0
BRDA:154,2,1,0
BRDA:159,3,0,0
BRDA:159,3,1,0
BRDA:172,4,0,0
BRDA:172,4,1,0
BRDA:176,5,0,0
BRDA:176,5,1,0
BRDA:184,6,0,0
BRDA:184,6,1,0
BRDA:196,7,0,0
BRDA:196,7,1,0
BRF:25
BRH:0
end_of_record
TN:
SF:/home/evelin/pruebas/clickEscuelaAngular/src/app/components/student/groups/groups-list/comment/comment.component.ts
FN:20,(anonymous_0)
FN:22,(anonymous_1)
FN:25,(anonymous_2)
FN:29,(anonymous_3)
FN:33,(anonymous_4)
FN:44,(anonymous_5)
FN:52,(anonymous_6)
FN:57,(anonymous_7)
FN:73,(anonymous_8)
FN:81,(anonymous_9)
FN:87,(anonymous_10)
FNF:11
FNH:2
FNDA:1,(anonymous_0)
FNDA:1,(anonymous_1)
FNDA:0,(anonymous_2)
FNDA:0,(anonymous_3)
FNDA:0,(anonymous_4)
FNDA:0,(anonymous_5)
FNDA:0,(anonymous_6)
FNDA:0,(anonymous_7)
FNDA:0,(anonymous_8)
FNDA:0,(anonymous_9)
FNDA:0,(anonymous_10)
DA:14,1
DA:20,1
DA:26,0
DA:30,0
DA:36,0
DA:44,0
DA:45,0
DA:46,0
DA:53,0
DA:54,0
DA:59,0
DA:60,0
DA:61,0
DA:64,0
DA:73,0
DA:74,0
DA:75,0
DA:76,0
DA:82,0
DA:83,0
DA:88,0
DA:89,0
LF:22
LH:2
BRDA:45,0,0,0
BRDA:45,0,1,0
BRDA:74,1,0,0
BRDA:74,1,1,0
BRF:4
BRH:0
end_of_record
TN:
SF:/home/evelin/pruebas/clickEscuelaAngular/src/app/components/student/groups/groups-list/history/history.component.ts
FN:17,(anonymous_0)
FN:19,(anonymous_1)
FN:22,(anonymous_2)
FN:26,(anonymous_3)
FNF:4
FNH:2
FNDA:1,(anonymous_0)
FNDA:1,(anonymous_1)
FNDA:0,(anonymous_2)
FNDA:0,(anonymous_3)
DA:10,1
DA:17,1
DA:23,0
DA:27,0
LF:4
LH:2
BRF:0
BRH:0
end_of_record
TN:
SF:/home/evelin/pruebas/clickEscuelaAngular/src/app/components/student/homework/homework.component.ts
FN:10,(anonymous_0)
FN:12,(anonymous_1)
FNF:2
FNH:2
FNDA:1,(anonymous_0)
FNDA:1,(anonymous_1)
DA:8,1
LF:1
LH:1
BRF:0
BRH:0
end_of_record
TN:
SF:/home/evelin/pruebas/clickEscuelaAngular/src/app/components/student/homework/homework-list/homework-list.component.ts
FN:40,(anonymous_0)
FN:56,(anonymous_1)
FN:68,(anonymous_2)
FN:73,(anonymous_3)
FN:82,(anonymous_4)
FN:86,(anonymous_5)
FN:99,(anonymous_6)
FN:103,(anonymous_7)
FN:109,(anonymous_8)
FN:114,(anonymous_9)
FN:120,(anonymous_10)
FN:128,(anonymous_11)
FNF:12
FNH:2
FNDA:1,(anonymous_0)
FNDA:1,(anonymous_1)
FNDA:0,(anonymous_2)
FNDA:0,(anonymous_3)
FNDA:0,(anonymous_4)
FNDA:0,(anonymous_5)
FNDA:0,(anonymous_6)
FNDA:0,(anonymous_7)
FNDA:0,(anonymous_8)
FNDA:0,(anonymous_9)
FNDA:0,(anonymous_10)
FNDA:0,(anonymous_11)
DA:14,1
DA:23,1
DA:35,1
DA:40,1
DA:41,1
DA:44,1
DA:45,1
DA:46,1
DA:47,1
DA:48,1
DA:49,1
DA:50,1
DA:51,5
DA:52,5
DA:57,1
DA:61,1
DA:62,1
DA:63,1
DA:64,1
DA:69,0
DA:74,0
DA:75,0
DA:77,0
DA:78,0
DA:83,0
DA:86,0
DA:87,0
DA:88,0
DA:90,0
DA:91,0
DA:100,0
DA:105,0
DA:111,0
DA:115,0
DA:116,0
DA:121,0
DA:123,0
DA:129,0
DA:131,0
LF:39
LH:19
BRDA:77,0,0,0
BRDA:77,0,1,0
BRDA:90,1,0,0
BRDA:90,1,1,0
BRF:4
BRH:0
end_of_record
TN:
SF:/home/evelin/pruebas/clickEscuelaAngular/src/app/components/student/library/library.component.ts
FN:29,(anonymous_0)
FN:40,(anonymous_1)
FN:42,(anonymous_2)
FN:48,(anonymous_3)
FN:62,(anonymous_4)
FN:66,(anonymous_5)
FN:67,(anonymous_6)
FN:75,(anonymous_7)
FN:76,(anonymous_8)
FNF:9
FNH:5
FNDA:1,(anonymous_0)
FNDA:1,(anonymous_1)
FNDA:1,(anonymous_2)
FNDA:0,(anonymous_3)
FNDA:0,(anonymous_4)
FNDA:4,(anonymous_5)
FNDA:16,(anonymous_6)
FNDA:0,(anonymous_7)
FNDA:0,(anonymous_8)
DA:23,1
DA:30,1
DA:31,1
DA:32,1
DA:33,1
DA:35,1
DA:36,1
DA:37,1
DA:43,1
DA:44,4
DA:49,0
DA:50,0
DA:53,0
DA:55,0
DA:62,0
DA:67,16
DA:68,4
DA:70,4
DA:73,4
DA:75,4
DA:76,0
DA:77,0
DA:78,0
DA:80,0
DA:81,0
DA:82,0
DA:83,0
DA:84,0
DA:86,0
DA:90,0
LF:30
LH:15
BRF:0
BRH:0
end_of_record
TN:
SF:/home/evelin/pruebas/clickEscuelaAngular/src/app/components/student/modal-edit/modal-edit.component.ts
FN:14,(anonymous_0)
FN:18,(anonymous_1)
FN:21,(anonymous_2)
FN:29,(anonymous_3)
FNF:4
FNH:3
FNDA:1,(anonymous_0)
FNDA:1,(anonymous_1)
FNDA:0,(anonymous_2)
FNDA:2,(anonymous_3)
DA:10,1
DA:14,1
DA:15,1
DA:23,0
DA:24,0
DA:25,0
DA:26,0
DA:30,2
LF:8
LH:4
BRDA:23,0,0,0
BRDA:23,0,1,0
BRF:2
BRH:0
end_of_record
TN:
SF:/home/evelin/pruebas/clickEscuelaAngular/src/app/components/student/modal-frame/modal-frame.component.ts
FN:12,(anonymous_0)
FN:16,(anonymous_1)
FN:19,(anonymous_2)
FNF:3
FNH:0
FNDA:0,(anonymous_0)
FNDA:0,(anonymous_1)
FNDA:0,(anonymous_2)
DA:10,1
DA:12,0
DA:21,0
LF:3
LH:1
BRF:0
BRH:0
end_of_record
TN:
SF:/home/evelin/pruebas/clickEscuelaAngular/src/app/components/student/student-grade/student-grade.component.ts
FN:10,(anonymous_0)
FN:12,(anonymous_1)
FNF:2
FNH:2
FNDA:1,(anonymous_0)
FNDA:1,(anonymous_1)
DA:8,1
LF:1
LH:1
BRF:0
BRH:0
end_of_record
TN:
SF:/home/evelin/pruebas/clickEscuelaAngular/src/app/components/student/student-grade/student-grade-list/student-grade-list.component.ts
FN:25,(anonymous_0)
FN:29,(anonymous_1)
FN:38,(anonymous_2)
FN:41,(anonymous_3)
FN:43,(anonymous_4)
FN:49,(anonymous_5)
FNF:6
FNH:0
FNDA:0,(anonymous_0)
FNDA:0,(anonymous_1)
FNDA:0,(anonymous_2)
FNDA:0,(anonymous_3)
FNDA:0,(anonymous_4)
FNDA:0,(anonymous_5)
DA:13,1
DA:21,0
DA:22,0
DA:23,0
DA:25,0
DA:26,0
DA:30,0
DA:31,0
DA:32,0
DA:33,0
DA:34,0
DA:39,0
DA:40,0
DA:43,0
DA:44,0
DA:45,0
DA:50,0
LF:17
LH:1
BRF:0
BRH:0
end_of_record
TN:
SF:/home/evelin/pruebas/clickEscuelaAngular/src/app/components/student/student-menu/student-menu.component.ts
FN:51,(anonymous_0)
FN:58,(anonymous_1)
FN:70,(anonymous_2)
FN:78,(anonymous_3)
FN:82,(anonymous_4)
FN:86,(anonymous_5)
FN:93,(anonymous_6)
FN:100,(anonymous_7)
FN:104,(anonymous_8)
FNF:9
FNH:2
FNDA:1,(anonymous_0)
FNDA:0,(anonymous_1)
FNDA:0,(anonymous_2)
FNDA:0,(anonymous_3)
FNDA:0,(anonymous_4)
FNDA:0,(anonymous_5)
FNDA:0,(anonymous_6)
FNDA:0,(anonymous_7)
FNDA:1,(anonymous_8)
DA:24,1
DA:25,1
DA:26,1
DA:27,1
DA:28,1
DA:29,1
DA:30,1
DA:31,1
DA:32,1
DA:33,1
DA:34,1
DA:35,1
DA:44,1
DA:51,1
DA:52,1
DA:53,1
DA:59,0
DA:60,0
DA:61,0
DA:62,0
DA:64,0
DA:65,0
DA:71,0
DA:73,0
DA:74,0
DA:79,0
DA:83,0
DA:87,0
DA:88,0
DA:89,0
DA:94,0
DA:95,0
DA:101,0
LF:33
LH:16
BRDA:59,0,0,0
BRDA:59,0,1,0
BRDA:60,1,0,0
BRDA:60,1,1,0
BRDA:71,2,0,0
BRDA:71,2,1,0
BRDA:89,3,0,0
BRDA:89,3,1,0
BRF:8
BRH:0
end_of_record
TN:
SF:/home/evelin/pruebas/clickEscuelaAngular/src/app/components/teacher/asistance/asistance.component.ts
FN:11,(anonymous_0)
FN:15,(anonymous_1)
FN:19,(anonymous_2)
FNF:3
FNH:2
FNDA:1,(anonymous_0)
FNDA:1,(anonymous_1)
FNDA:0,(anonymous_2)
DA:9,1
LF:1
LH:1
BRF:0
BRH:0
end_of_record
TN:
SF:/home/evelin/pruebas/clickEscuelaAngular/src/app/components/teacher/asistance/asistance-list/asistance-list.component.ts
FN:35,(anonymous_0)
FN:61,(anonymous_1)
FN:71,(anonymous_2)
FN:74,(anonymous_3)
FN:102,(anonymous_4)
FN:114,(anonymous_5)
FN:119,(anonymous_6)
FN:124,(anonymous_7)
FN:133,(anonymous_8)
FN:138,(anonymous_9)
FNF:10
FNH:2
FNDA:1,(anonymous_0)
FNDA:1,(anonymous_1)
FNDA:0,(anonymous_2)
FNDA:0,(anonymous_3)
FNDA:0,(anonymous_4)
FNDA:0,(anonymous_5)
FNDA:0,(anonymous_6)
FNDA:0,(anonymous_7)
FNDA:0,(anonymous_8)
FNDA:0,(anonymous_9)
DA:19,1
DA:22,1
DA:36,1
DA:37,1
DA:39,1
DA:41,1
DA:42,1
DA:44,1
DA:45,1
DA:46,7
DA:49,1
DA:51,1
DA:52,7
DA:55,1
DA:56,1
DA:57,1
DA:58,1
DA:62,1
DA:65,1
DA:66,1
DA:67,1
DA:68,1
DA:72,0
DA:73,0
DA:74,0
DA:77,0
DA:78,0
DA:84,0
DA:86,0
DA:87,0
DA:94,0
DA:103,0
DA:104,0
DA:105,0
DA:106,0
DA:108,0
DA:109,0
DA:110,0
DA:115,0
DA:116,0
DA:121,0
DA:125,0
DA:126,0
DA:128,0
DA:129,0
DA:134,0
DA:135,0
DA:139,0
DA:140,0
DA:147,0
DA:150,0
DA:151,0
DA:153,0
LF:53
LH:22
BRDA:72,0,0,0
BRDA:72,0,1,0
BRDA:77,1,0,0
BRDA:77,1,1,0
BRDA:103,2,0,0
BRDA:103,2,1,0
BRDA:128,3,0,0
BRDA:128,3,1,0
BRF:8
BRH:0
end_of_record
TN:
SF:/home/evelin/pruebas/clickEscuelaAngular/src/app/components/teacher/courses/courses.component.ts
FN:30,(anonymous_0)
FN:32,(anonymous_1)
FN:54,(anonymous_2)
FN:57,(anonymous_3)
FN:60,(anonymous_4)
FN:65,(anonymous_5)
FN:70,(anonymous_6)
FNF:7
FNH:0
FNDA:0,(anonymous_0)
FNDA:0,(anonymous_1)
FNDA:0,(anonymous_2)
FNDA:0,(anonymous_3)
FNDA:0,(anonymous_4)
FNDA:0,(anonymous_5)
FNDA:0,(anonymous_6)
DA:16,1
DA:17,0
DA:18,0
DA:19,0
DA:20,0
DA:25,0
DA:26,0
DA:27,0
DA:30,0
DA:34,0
DA:35,0
DA:36,0
DA:37,0
DA:39,0
DA:40,0
DA:41,0
DA:42,0
DA:44,0
DA:45,0
DA:46,0
DA:47,0
DA:49,0
DA:51,0
DA:55,0
DA:56,0
DA:58,0
DA:59,0
DA:60,0
DA:61,0
DA:62,0
DA:65,0
DA:66,0
DA:71,0
LF:33
LH:1
BRDA:59,0,0,0
BRDA:59,0,1,0
BRF:2
BRH:0
end_of_record
TN:
SF:/home/evelin/pruebas/clickEscuelaAngular/src/app/components/teacher/grades/grades.component.ts
FN:19,(anonymous_0)
FN:22,(anonymous_1)
FN:31,(anonymous_2)
FN:38,(anonymous_3)
FN:47,(anonymous_4)
FN:53,(anonymous_5)
FN:61,(anonymous_6)
FNF:7
FNH:3
FNDA:2,(anonymous_0)
FNDA:0,(anonymous_1)
FNDA:0,(anonymous_2)
FNDA:0,(anonymous_3)
FNDA:0,(anonymous_4)
FNDA:1,(anonymous_5)
FNDA:2,(anonymous_6)
DA:14,1
DA:16,2
DA:19,2
DA:23,0
DA:31,0
DA:32,0
DA:39,0
DA:47,0
DA:48,0
DA:54,1
DA:55,0
DA:57,1
LF:12
LH:5
BRF:0
BRH:0
end_of_record
TN:
SF:/home/evelin/pruebas/clickEscuelaAngular/src/app/components/teacher/grades/add-grade/add-grade.component.ts
FN:54,(anonymous_0)
FN:93,(anonymous_1)
FN:96,(anonymous_2)
FN:100,(anonymous_3)
FN:102,(anonymous_4)
FN:106,(anonymous_5)
FN:113,(anonymous_6)
FN:122,(anonymous_7)
FN:125,(anonymous_8)
FNF:9
FNH:2
FNDA:2,(anonymous_0)
FNDA:0,(anonymous_1)
FNDA:0,(anonymous_2)
FNDA:0,(anonymous_3)
FNDA:0,(anonymous_4)
FNDA:0,(anonymous_5)
FNDA:0,(anonymous_6)
FNDA:2,(anonymous_7)
FNDA:0,(anonymous_8)
DA:25,1
DA:32,2
DA:33,2
DA:42,2
DA:50,2
DA:55,2
DA:56,2
DA:57,2
DA:58,2
DA:59,2
DA:61,2
DA:62,2
DA:72,2
DA:82,2
DA:84,0
DA:85,0
DA:88,2
DA:90,2
DA:95,0
DA:96,0
DA:101,0
DA:103,0
DA:104,0
DA:107,0
DA:114,0
DA:116,0
DA:118,0
DA:119,0
DA:126,0
LF:29
LH:16
BRDA:61,0,0,2
BRDA:61,0,1,0
BRDA:114,1,0,0
BRDA:114,1,1,0
BRF:4
BRH:1
end_of_record
TN:
SF:/home/evelin/pruebas/clickEscuelaAngular/src/app/components/teacher/grades/add-grade-massive/add-grade-massive.component.ts
FN:45,(anonymous_0)
FN:49,(anonymous_1)
FN:60,(anonymous_2)
FN:69,(anonymous_3)
FN:76,(anonymous_4)
FN:80,(anonymous_5)
FN:84,(anonymous_6)
FN:88,(anonymous_7)
FNF:8
FNH:0
FNDA:0,(anonymous_0)
FNDA:0,(anonymous_1)
FNDA:0,(anonymous_2)
FNDA:0,(anonymous_3)
FNDA:0,(anonymous_4)
FNDA:0,(anonymous_5)
FNDA:0,(anonymous_6)
FNDA:0,(anonymous_7)
DA:15,1
DA:21,0
DA:23,0
DA:24,0
DA:33,0
DA:41,0
DA:45,0
DA:46,0
DA:50,0
DA:55,0
DA:56,0
DA:57,0
DA:61,0
DA:66,0
DA:70,0
DA:71,0
DA:72,0
DA:78,0
DA:79,0
DA:80,0
DA:83,0
DA:84,0
DA:89,0
LF:23
LH:1
BRDA:70,0,0,0
BRDA:70,0,1,0
BRF:2
BRH:0
end_of_record
TN:
SF:/home/evelin/pruebas/clickEscuelaAngular/src/app/components/teacher/grades/add-grade-massive/grade-model.ts
FNF:0
FNH:0
DA:1,1
LF:1
LH:1
BRF:0
BRH:0
end_of_record
TN:
SF:/home/evelin/pruebas/clickEscuelaAngular/src/app/components/teacher/grades/grades-list/grades-list.component.ts
FN:42,(anonymous_0)
FN:50,(anonymous_1)
FN:62,(anonymous_2)
FN:66,(anonymous_3)
FN:68,(anonymous_4)
FN:71,(anonymous_5)
FN:73,(anonymous_6)
FN:75,(anonymous_7)
FN:79,(anonymous_8)
FN:87,(anonymous_9)
FN:93,(anonymous_10)
FN:97,(anonymous_11)
FN:101,(anonymous_12)
FN:111,(anonymous_13)
FN:119,(anonymous_14)
FN:128,(anonymous_15)
FN:133,(anonymous_16)
FN:140,(anonymous_17)
FNF:18
FNH:4
FNDA:1,(anonymous_0)
FNDA:1,(anonymous_1)
FNDA:1,(anonymous_2)
FNDA:1,(anonymous_3)
FNDA:0,(anonymous_4)
FNDA:0,(anonymous_5)
FNDA:0,(anonymous_6)
FNDA:0,(anonymous_7)
FNDA:0,(anonymous_8)
FNDA:0,(anonymous_9)
FNDA:0,(anonymous_10)
FNDA:0,(anonymous_11)
FNDA:0,(anonymous_12)
FNDA:0,(anonymous_13)
FNDA:0,(anonymous_14)
FNDA:0,(anonymous_15)
FNDA:0,(anonymous_16)
FNDA:0,(anonymous_17)
DA:24,1
DA:28,1
DA:39,1
DA:40,1
DA:42,1
DA:44,1
DA:45,1
DA:52,1
DA:54,1
DA:55,1
DA:56,1
DA:57,1
DA:63,1
DA:67,1
DA:69,0
DA:70,0
DA:71,0
DA:74,0
DA:75,0
DA:80,0
DA:81,0
DA:83,0
DA:84,0
DA:89,0
DA:90,0
DA:94,0
DA:98,0
DA:103,0
DA:111,0
DA:112,0
DA:113,0
DA:120,0
DA:128,0
DA:134,0
DA:135,0
DA:141,0
DA:142,0
LF:37
LH:14
BRDA:83,0,0,0
BRDA:83,0,1,0
BRDA:112,1,0,0
BRDA:112,1,1,0
BRF:4
BRH:0
end_of_record
TN:
SF:/home/evelin/pruebas/clickEscuelaAngular/src/app/components/teacher/home/home.component.ts
FN:17,(anonymous_0)
FN:19,(anonymous_1)
FN:27,(anonymous_2)
FN:31,(anonymous_3)
FN:35,(anonymous_4)
FNF:5
FNH:2
FNDA:1,(anonymous_0)
FNDA:1,(anonymous_1)
FNDA:0,(anonymous_2)
FNDA:0,(anonymous_3)
FNDA:0,(anonymous_4)
DA:13,1
DA:15,1
DA:16,1
DA:20,1
DA:21,1
DA:22,1
DA:23,1
DA:28,0
DA:32,0
DA:36,0
LF:10
LH:7
BRF:0
BRH:0
end_of_record
TN:
SF:/home/evelin/pruebas/clickEscuelaAngular/src/app/components/teacher/homework/homework.component.ts
FN:23,(anonymous_0)
FN:27,(anonymous_1)
FN:36,(anonymous_2)
FN:40,(anonymous_3)
FN:48,(anonymous_4)
FNF:5
FNH:2
FNDA:1,(anonymous_0)
FNDA:0,(anonymous_1)
FNDA:0,(anonymous_2)
FNDA:0,(anonymous_3)
FNDA:1,(anonymous_4)
DA:15,1
DA:23,1
DA:28,0
DA:36,0
DA:41,0
DA:42,0
LF:6
LH:2
BRF:0
BRH:0
end_of_record
TN:
SF:/home/evelin/pruebas/clickEscuelaAngular/src/app/components/teacher/homework/add-homework/add-homework.component.ts
FN:32,(anonymous_0)
FN:83,(anonymous_1)
FN:85,(anonymous_2)
FN:89,(anonymous_3)
FN:98,(anonymous_4)
FN:102,(anonymous_5)
FN:108,(anonymous_6)
FN:113,(anonymous_7)
FNF:8
FNH:8
FNDA:6,(anonymous_0)
FNDA:2,(anonymous_1)
FNDA:1,(anonymous_2)
FNDA:1,(anonymous_3)
FNDA:2,(anonymous_4)
FNDA:1,(anonymous_5)
FNDA:1,(anonymous_6)
FNDA:6,(anonymous_7)
DA:18,1
DA:25,6
DA:28,6
DA:32,6
DA:33,6
DA:34,6
DA:35,6
DA:36,6
DA:37,6
DA:38,1
DA:49,1
DA:66,5
DA:67,5
DA:70,6
DA:84,2
DA:86,1
DA:87,1
DA:90,1
DA:99,2
DA:104,1
DA:105,1
DA:109,1
LF:22
LH:22
BRDA:37,0,0,1
BRDA:37,0,1,5
BRF:2
BRH:2
end_of_record
TN:
SF:/home/evelin/pruebas/clickEscuelaAngular/src/app/components/teacher/homework/homework-list/homework-list.component.ts
FN:27,(anonymous_0)
FN:31,(anonymous_1)
FN:43,(anonymous_2)
FN:47,(anonymous_3)
FN:51,(anonymous_4)
FN:61,(anonymous_5)
FN:69,(anonymous_6)
FN:86,(anonymous_7)
FN:92,(anonymous_8)
FNF:9
FNH:2
FNDA:1,(anonymous_0)
FNDA:1,(anonymous_1)
FNDA:0,(anonymous_2)
FNDA:0,(anonymous_3)
FNDA:0,(anonymous_4)
FNDA:0,(anonymous_5)
FNDA:0,(anonymous_6)
FNDA:0,(anonymous_7)
FNDA:0,(anonymous_8)
DA:16,1
DA:25,1
DA:27,1
DA:28,1
DA:32,1
DA:36,1
DA:37,1
DA:38,1
DA:39,1
DA:44,0
DA:48,0
DA:53,0
DA:61,0
DA:62,0
DA:63,0
DA:70,0
DA:88,0
DA:89,0
DA:93,0
DA:94,0
DA:96,0
DA:97,0
LF:22
LH:9
BRDA:62,0,0,0
BRDA:62,0,1,0
BRDA:96,1,0,0
BRDA:96,1,1,0
BRF:4
BRH:0
end_of_record
TN:
SF:/home/evelin/pruebas/clickEscuelaAngular/src/app/components/teacher/report-card/report-card.component.ts
FN:12,(anonymous_0)
FN:14,(anonymous_1)
FN:16,(anonymous_2)
FNF:3
FNH:2
FNDA:1,(anonymous_0)
FNDA:1,(anonymous_1)
FNDA:0,(anonymous_2)
DA:10,1
DA:12,1
DA:17,0
LF:3
LH:2
BRF:0
BRH:0
end_of_record
TN:
SF:/home/evelin/pruebas/clickEscuelaAngular/src/app/components/teacher/report-card/add-report-card/add-report-card.component.ts
FN:34,(anonymous_0)
FN:46,(anonymous_1)
FN:73,(anonymous_2)
FN:76,(anonymous_3)
FN:84,(anonymous_4)
FN:92,(anonymous_5)
FN:97,(anonymous_6)
FN:100,(anonymous_7)
FNF:8
FNH:3
FNDA:2,(anonymous_0)
FNDA:0,(anonymous_1)
FNDA:0,(anonymous_2)
FNDA:0,(anonymous_3)
FNDA:0,(anonymous_4)
FNDA:1,(anonymous_5)
FNDA:2,(anonymous_6)
FNDA:0,(anonymous_7)
DA:20,1
DA:27,2
DA:28,2
DA:35,2
DA:36,2
DA:37,2
DA:38,2
DA:40,2
DA:41,2
DA:42,2
DA:43,2
DA:47,0
DA:49,0
DA:51,0
DA:53,0
DA:54,0
DA:56,0
DA:57,0
DA:60,0
DA:61,0
DA:65,0
DA:67,0
DA:69,0
DA:74,0
DA:75,0
DA:77,0
DA:81,0
DA:83,0
DA:84,0
DA:87,0
DA:93,1
DA:94,1
DA:101,0
DA:102,0
DA:103,0
DA:105,0
LF:36
LH:13
BRDA:47,0,0,0
BRDA:47,0,1,0
BRDA:52,1,0,0
BRDA:52,1,1,0
BRDA:52,1,2,0
BRDA:52,1,3,0
BRDA:74,2,0,0
BRDA:74,2,1,0
BRDA:77,3,0,0
BRDA:77,3,1,0
BRF:10
BRH:0
end_of_record
TN:
SF:/home/evelin/pruebas/clickEscuelaAngular/src/app/components/teacher/report-card/report-card-list/report-card-list.component.ts
FN:29,(anonymous_0)
FN:34,(anonymous_1)
FN:47,(anonymous_2)
FN:52,(anonymous_3)
FN:62,(anonymous_4)
FN:71,(anonymous_5)
FN:88,(anonymous_6)
FN:93,(anonymous_7)
FN:103,(anonymous_8)
FN:111,(anonymous_9)
FN:127,(anonymous_10)
FNF:11
FNH:2
FNDA:1,(anonymous_0)
FNDA:1,(anonymous_1)
FNDA:0,(anonymous_2)
FNDA:0,(anonymous_3)
FNDA:0,(anonymous_4)
FNDA:0,(anonymous_5)
FNDA:0,(anonymous_6)
FNDA:0,(anonymous_7)
FNDA:0,(anonymous_8)
FNDA:0,(anonymous_9)
FNDA:0,(anonymous_10)
DA:17,1
DA:29,1
DA:30,1
DA:36,1
DA:40,1
DA:41,1
DA:42,1
DA:43,1
DA:48,0
DA:54,0
DA:62,0
DA:63,0
DA:65,0
DA:72,0
DA:89,0
DA:90,0
DA:95,0
DA:103,0
DA:104,0
DA:105,0
DA:112,0
DA:128,0
DA:129,0
DA:131,0
DA:132,0
LF:25
LH:8
BRDA:63,0,0,0
BRDA:63,0,1,0
BRDA:104,1,0,0
BRDA:104,1,1,0
BRDA:131,2,0,0
BRDA:131,2,1,0
BRF:6
BRH:0
end_of_record
TN:
SF:/home/evelin/pruebas/clickEscuelaAngular/src/app/components/teacher/students/students.component.ts
FN:24,(anonymous_0)
FN:25,(anonymous_1)
FN:43,(anonymous_2)
FNF:3
FNH:2
FNDA:1,(anonymous_0)
FNDA:1,(anonymous_1)
FNDA:0,(anonymous_2)
DA:14,1
DA:17,1
DA:26,1
DA:35,1
DA:36,1
DA:37,1
DA:38,1
DA:40,1
DA:44,0
DA:45,0
DA:47,0
DA:48,0
LF:12
LH:8
BRDA:47,0,0,0
BRDA:47,0,1,0
BRF:2
BRH:0
end_of_record
TN:
SF:/home/evelin/pruebas/clickEscuelaAngular/src/app/enums/commons.ts
FNF:0
FNH:0
DA:1,1
LF:1
LH:1
BRF:0
BRH:0
end_of_record
TN:
SF:/home/evelin/pruebas/clickEscuelaAngular/src/app/enums/functions.ts
FN:4,(anonymous_0)
FNF:1
FNH:1
FNDA:1,(anonymous_0)
DA:1,1
DA:5,1
DA:6,1
DA:7,0
LF:4
LH:3
BRDA:5,0,0,0
BRDA:5,0,1,1
BRDA:6,1,0,1
BRDA:6,1,1,0
BRF:4
BRH:2
end_of_record
TN:
SF:/home/evelin/pruebas/clickEscuelaAngular/src/app/enums/info-messages.ts
FNF:0
FNH:0
DA:1,1
LF:1
LH:1
BRF:0
BRH:0
end_of_record
TN:
SF:/home/evelin/pruebas/clickEscuelaAngular/src/app/enums/messages-constants.ts
FNF:0
FNH:0
DA:1,1
LF:1
LH:1
BRF:0
BRH:0
end_of_record
TN:
SF:/home/evelin/pruebas/clickEscuelaAngular/src/app/enums/models.ts
FNF:0
FNH:0
DA:1,1
LF:1
LH:1
BRF:0
BRH:0
end_of_record
TN:
SF:/home/evelin/pruebas/clickEscuelaAngular/src/app/enums/svg-constants.ts
FNF:0
FNH:0
DA:1,1
LF:1
LH:1
BRF:0
BRH:0
end_of_record
TN:
SF:/home/evelin/pruebas/clickEscuelaAngular/src/app/models/account.ts
FN:12,(anonymous_0)
FN:20,(anonymous_1)
FN:32,(anonymous_2)
FN:40,(anonymous_3)
FN:48,(anonymous_4)
FN:56,(anonymous_5)
FN:64,(anonymous_6)
FN:72,(anonymous_7)
FN:80,(anonymous_8)
FN:88,(anonymous_9)
FN:96,(anonymous_10)
FN:104,(anonymous_11)
FNF:12
FNH:5
FNDA:66,(anonymous_0)
FNDA:66,(anonymous_1)
FNDA:330,(anonymous_2)
FNDA:0,(anonymous_3)
FNDA:0,(anonymous_4)
FNDA:1,(anonymous_5)
FNDA:54,(anonymous_6)
FNDA:0,(anonymous_7)
FNDA:0,(anonymous_8)
FNDA:0,(anonymous_9)
FNDA:0,(anonymous_10)
FNDA:0,(anonymous_11)
DA:13,66
DA:14,66
DA:15,66
DA:16,66
DA:17,66
DA:22,66
DA:23,176
DA:25,33
DA:33,330
DA:41,0
DA:49,0
DA:57,1
DA:65,54
DA:73,0
DA:81,0
DA:89,0
DA:97,0
DA:105,0
LF:18
LH:11
BRDA:23,0,0,33
BRDA:23,0,1,143
BRF:2
BRH:2
end_of_record
TN:
SF:/home/evelin/pruebas/clickEscuelaAngular/src/app/models/asistance-parent.ts
FN:8,(anonymous_0)
FNF:1
FNH:1
FNDA:8,(anonymous_0)
DA:16,8
DA:17,8
DA:18,8
DA:19,8
LF:4
LH:4
BRF:0
BRH:0
end_of_record
TN:
SF:/home/evelin/pruebas/clickEscuelaAngular/src/app/models/asistance.ts
FN:6,(anonymous_0)
FNF:1
FNH:1
FNDA:15,(anonymous_0)
DA:12,15
DA:13,15
DA:14,15
DA:15,15
LF:4
LH:4
BRF:0
BRH:0
end_of_record
TN:
SF:/home/evelin/pruebas/clickEscuelaAngular/src/app/models/calendar-event.ts
FN:10,(anonymous_0)
FN:23,(anonymous_1)
FN:31,(anonymous_2)
FN:39,(anonymous_3)
FN:47,(anonymous_4)
FN:55,(anonymous_5)
FN:63,(anonymous_6)
FN:71,(anonymous_7)
FN:79,(anonymous_8)
FN:87,(anonymous_9)
FN:95,(anonymous_10)
FNF:11
FNH:5
FNDA:23,(anonymous_0)
FNDA:129,(anonymous_1)
FNDA:12,(anonymous_2)
FNDA:12,(anonymous_3)
FNDA:0,(anonymous_4)
FNDA:0,(anonymous_5)
FNDA:3,(anonymous_6)
FNDA:0,(anonymous_7)
FNDA:0,(anonymous_8)
FNDA:0,(anonymous_9)
FNDA:0,(anonymous_10)
DA:11,23
DA:12,23
DA:13,23
DA:14,23
DA:15,23
DA:24,129
DA:32,12
DA:40,12
DA:48,0
DA:56,0
DA:64,3
DA:72,0
DA:80,0
DA:88,0
DA:96,0
LF:15
LH:9
BRF:0
BRH:0
end_of_record
TN:
SF:/home/evelin/pruebas/clickEscuelaAngular/src/app/models/chat-message.ts
FN:6,(anonymous_0)
FNF:1
FNH:1
FNDA:127,(anonymous_0)
DA:11,127
DA:12,127
DA:13,127
LF:3
LH:3
BRF:0
BRH:0
end_of_record
TN:
SF:/home/evelin/pruebas/clickEscuelaAngular/src/app/models/chat-module.ts
FN:6,(anonymous_0)
FN:11,(anonymous_1)
FNF:2
FNH:2
FNDA:24,(anonymous_0)
FNDA:120,(anonymous_1)
DA:7,24
DA:8,24
DA:12,120
LF:3
LH:3
BRF:0
BRH:0
end_of_record
TN:
SF:/home/evelin/pruebas/clickEscuelaAngular/src/app/models/comment.ts
FN:7,(anonymous_0)
FNF:1
FNH:0
FNDA:0,(anonymous_0)
DA:14,0
DA:15,0
DA:16,0
LF:3
LH:0
BRF:0
BRH:0
end_of_record
TN:
SF:/home/evelin/pruebas/clickEscuelaAngular/src/app/models/dashboard-properties.ts
FN:51,(anonymous_0)
FN:8,(anonymous_1)
FN:13,(anonymous_2)
FN:17,(anonymous_3)
FN:21,(anonymous_4)
FN:25,(anonymous_5)
FN:29,(anonymous_6)
FN:33,(anonymous_7)
FN:37,(anonymous_8)
FN:41,(anonymous_9)
FN:45,(anonymous_10)
FNF:11
FNH:4
FNDA:8,(anonymous_0)
FNDA:2,(anonymous_1)
FNDA:0,(anonymous_2)
FNDA:0,(anonymous_3)
FNDA:0,(anonymous_4)
FNDA:6,(anonymous_5)
FNDA:0,(anonymous_6)
FNDA:0,(anonymous_7)
FNDA:0,(anonymous_8)
FNDA:6,(anonymous_9)
FNDA:0,(anonymous_10)
DA:9,2
DA:14,0
DA:18,0
DA:22,0
DA:26,6
DA:30,0
DA:34,0
DA:38,0
DA:42,6
DA:46,0
DA:52,8
DA:53,8
DA:54,8
DA:55,8
DA:56,8
LF:15
LH:8
BRF:0
BRH:0
end_of_record
TN:
SF:/home/evelin/pruebas/clickEscuelaAngular/src/app/models/expense.ts
FN:6,(anonymous_0)
FN:16,(anonymous_1)
FN:24,(anonymous_2)
FN:32,(anonymous_3)
FN:40,(anonymous_4)
FN:48,(anonymous_5)
FN:56,(anonymous_6)
FNF:7
FNH:2
FNDA:63,(anonymous_0)
FNDA:0,(anonymous_1)
FNDA:0,(anonymous_2)
FNDA:28,(anonymous_3)
FNDA:0,(anonymous_4)
FNDA:0,(anonymous_5)
FNDA:0,(anonymous_6)
DA:7,63
DA:8,63
DA:9,63
DA:17,0
DA:25,0
DA:33,28
DA:41,0
DA:49,0
DA:57,0
LF:9
LH:4
BRF:0
BRH:0
end_of_record
TN:
SF:/home/evelin/pruebas/clickEscuelaAngular/src/app/models/grade.ts
FN:11,(anonymous_0)
FNF:1
FNH:1
FNDA:112,(anonymous_0)
DA:18,112
DA:19,112
DA:20,112
DA:21,112
DA:22,112
LF:5
LH:5
BRF:0
BRH:0
end_of_record
TN:
SF:/home/evelin/pruebas/clickEscuelaAngular/src/app/models/homework.ts
FN:10,(anonymous_0)
FNF:1
FNH:1
FNDA:46,(anonymous_0)
DA:18,46
DA:19,46
DA:20,46
DA:21,46
DA:22,46
DA:23,46
LF:6
LH:6
BRF:0
BRH:0
end_of_record
TN:
SF:/home/evelin/pruebas/clickEscuelaAngular/src/app/models/library-file.ts
FN:8,(anonymous_0)
FNF:1
FNH:1
FNDA:8,(anonymous_0)
DA:15,8
DA:16,8
DA:17,8
DA:18,8
LF:4
LH:4
BRF:0
BRH:0
end_of_record
TN:
SF:/home/evelin/pruebas/clickEscuelaAngular/src/app/models/message.ts
FN:8,(anonymous_0)
FNF:1
FNH:1
FNDA:48,(anonymous_0)
DA:15,48
DA:16,48
DA:17,48
DA:18,48
DA:19,48
LF:5
LH:5
BRF:0
BRH:0
end_of_record
TN:
SF:/home/evelin/pruebas/clickEscuelaAngular/src/app/models/parent.ts
FN:15,(anonymous_0)
FN:34,(anonymous_1)
FNF:2
FNH:1
FNDA:63,(anonymous_0)
FNDA:0,(anonymous_1)
DA:23,63
DA:24,63
DA:25,63
DA:26,63
DA:27,63
DA:28,63
DA:29,63
DA:30,63
DA:35,0
LF:9
LH:8
BRF:0
BRH:0
end_of_record
TN:
SF:/home/evelin/pruebas/clickEscuelaAngular/src/app/models/payment.ts
FN:6,(anonymous_0)
FNF:1
FNH:1
FNDA:150,(anonymous_0)
DA:12,150
DA:13,150
DA:14,150
LF:3
LH:3
BRF:0
BRH:0
end_of_record
TN:
SF:/home/evelin/pruebas/clickEscuelaAngular/src/app/models/report-card.ts
FN:8,(anonymous_0)
FN:18,(anonymous_1)
FN:22,(anonymous_2)
FN:25,(anonymous_3)
FN:29,(anonymous_4)
FN:38,(anonymous_5)
FNF:6
FNH:5
FNDA:22,(anonymous_0)
FNDA:157,(anonymous_1)
FNDA:4,(anonymous_2)
FNDA:4,(anonymous_3)
FNDA:12,(anonymous_4)
FNDA:0,(anonymous_5)
DA:12,22
DA:13,22
DA:14,22
DA:15,22
DA:19,157
DA:23,4
DA:26,4
DA:30,12
DA:31,0
DA:32,0
DA:35,12
DA:39,0
LF:12
LH:9
BRDA:31,0,0,0
BRDA:31,0,1,0
BRF:2
BRH:0
end_of_record
TN:
SF:/home/evelin/pruebas/clickEscuelaAngular/src/app/models/school.ts
FN:13,(anonymous_0)
FN:29,(anonymous_1)
FN:37,(anonymous_2)
FN:47,(anonymous_3)
FN:55,(anonymous_4)
FN:63,(anonymous_5)
FN:71,(anonymous_6)
FN:79,(anonymous_7)
FN:87,(anonymous_8)
FN:95,(anonymous_9)
FN:103,(anonymous_10)
FN:111,(anonymous_11)
FN:119,(anonymous_12)
FN:127,(anonymous_13)
FN:135,(anonymous_14)
FN:143,(anonymous_15)
FNF:16
FNH:1
FNDA:1,(anonymous_0)
FNDA:0,(anonymous_1)
FNDA:0,(anonymous_2)
FNDA:0,(anonymous_3)
FNDA:0,(anonymous_4)
FNDA:0,(anonymous_5)
FNDA:0,(anonymous_6)
FNDA:0,(anonymous_7)
FNDA:0,(anonymous_8)
FNDA:0,(anonymous_9)
FNDA:0,(anonymous_10)
FNDA:0,(anonymous_11)
FNDA:0,(anonymous_12)
FNDA:0,(anonymous_13)
FNDA:0,(anonymous_14)
FNDA:0,(anonymous_15)
DA:15,1
DA:16,1
DA:17,1
DA:18,1
DA:19,1
DA:20,1
DA:21,1
DA:30,0
DA:38,0
DA:48,0
DA:56,0
DA:64,0
DA:72,0
DA:80,0
DA:88,0
DA:96,0
DA:104,0
DA:112,0
DA:120,0
DA:128,0
DA:136,0
DA:144,0
LF:22
LH:7
BRF:0
BRH:0
end_of_record
TN:
SF:/home/evelin/pruebas/clickEscuelaAngular/src/app/models/session.ts
FN:8,(anonymous_0)
FNF:1
FNH:1
FNDA:3,(anonymous_0)
DA:9,3
DA:10,3
DA:11,3
LF:3
LH:3
BRF:0
BRH:0
end_of_record
TN:
SF:/home/evelin/pruebas/clickEscuelaAngular/src/app/models/student.ts
FN:20,(anonymous_0)
FNF:1
FNH:1
FNDA:126,(anonymous_0)
DA:31,126
DA:32,126
DA:33,126
DA:34,126
DA:35,126
DA:36,126
DA:37,126
DA:38,126
DA:39,126
DA:40,126
DA:41,126
LF:11
LH:11
BRF:0
BRH:0
end_of_record
TN:
SF:/home/evelin/pruebas/clickEscuelaAngular/src/app/models/teacher.ts
FN:12,(anonymous_0)
FN:37,(anonymous_1)
FN:41,(anonymous_2)
FNF:3
FNH:1
FNDA:59,(anonymous_0)
FNDA:0,(anonymous_1)
FNDA:0,(anonymous_2)
DA:26,59
DA:27,59
DA:28,59
DA:29,59
DA:30,59
DA:31,59
DA:32,59
DA:33,59
DA:34,59
DA:39,0
DA:43,0
LF:11
LH:9
BRF:0
BRH:0
end_of_record
TN:
SF:/home/evelin/pruebas/clickEscuelaAngular/src/app/models/token.ts
FN:8,(anonymous_0)
FN:15,(anonymous_1)
FN:19,(anonymous_2)
FN:24,(anonymous_3)
FN:28,(anonymous_4)
FN:33,(anonymous_5)
FN:37,(anonymous_6)
FN:41,(anonymous_7)
FNF:8
FNH:1
FNDA:1,(anonymous_0)
FNDA:0,(anonymous_1)
FNDA:0,(anonymous_2)
FNDA:0,(anonymous_3)
FNDA:0,(anonymous_4)
FNDA:0,(anonymous_5)
FNDA:0,(anonymous_6)
FNDA:0,(anonymous_7)
DA:9,1
DA:10,1
DA:11,1
DA:16,0
DA:20,0
DA:25,0
DA:29,0
DA:34,0
DA:38,0
DA:42,0
LF:10
LH:3
BRF:0
BRH:0
end_of_record
TN:
SF:/home/evelin/pruebas/clickEscuelaAngular/src/app/models/work-group.ts
FN:15,(anonymous_0)
FN:35,(anonymous_1)
FN:38,(anonymous_2)
FN:43,(anonymous_3)
FN:47,(anonymous_4)
FN:52,(anonymous_5)
FN:57,(anonymous_6)
FNF:7
FNH:2
FNDA:23,(anonymous_0)
FNDA:0,(anonymous_1)
FNDA:0,(anonymous_2)
FNDA:30,(anonymous_3)
FNDA:0,(anonymous_4)
FNDA:0,(anonymous_5)
FNDA:0,(anonymous_6)
DA:24,23
DA:25,23
DA:26,23
DA:27,23
DA:28,23
DA:29,23
DA:30,23
DA:31,23
DA:36,0
DA:40,0
DA:44,30
DA:48,0
DA:54,0
DA:58,0
LF:14
LH:9
BRF:0
BRH:0
end_of_record
TN:
SF:/home/evelin/pruebas/clickEscuelaAngular/src/app/pipes/firstLetter.pipe.ts
FN:8,(anonymous_0)
FNF:1
FNH:0
FNDA:0,(anonymous_0)
DA:6,1
DA:9,0
DA:10,0
DA:11,0
DA:12,0
DA:16,0
DA:17,0
DA:18,0
DA:21,0
LF:9
LH:1
BRDA:9,0,0,0
BRDA:9,0,1,0
BRDA:10,1,0,0
BRDA:10,1,1,0
BRDA:16,2,0,0
BRDA:16,2,1,0
BRF:6
BRH:0
end_of_record
TN:
SF:/home/evelin/pruebas/clickEscuelaAngular/src/app/pipes/normalize-word.pipe.ts
FN:8,(anonymous_0)
FNF:1
FNH:0
FNDA:0,(anonymous_0)
DA:6,1
DA:10,0
DA:11,0
DA:12,0
DA:13,0
DA:14,0
DA:16,0
DA:21,0
LF:8
LH:1
BRDA:10,0,0,0
BRDA:10,0,1,0
BRDA:11,1,0,0
BRDA:11,1,1,0
BRF:4
BRH:0
end_of_record
TN:
SF:/home/evelin/pruebas/clickEscuelaAngular/src/app/services/account.service.ts
FN:12,(anonymous_0)
FN:46,(anonymous_1)
FNF:2
FNH:2
FNDA:11,(anonymous_0)
FNDA:55,(anonymous_1)
DA:8,1
DA:13,11
DA:15,11
DA:16,11
DA:17,11
DA:18,11
DA:20,11
DA:21,11
DA:22,11
DA:23,11
DA:25,11
DA:26,11
DA:27,11
DA:28,11
DA:30,11
DA:31,11
DA:32,11
DA:33,11
DA:34,11
DA:36,11
DA:37,11
DA:38,11
DA:39,11
DA:40,11
DA:41,11
DA:47,55
LF:26
LH:26
BRF:0
BRH:0
end_of_record
TN:
SF:/home/evelin/pruebas/clickEscuelaAngular/src/app/services/asistance-parent.service.ts
FN:11,(anonymous_0)
FN:20,(anonymous_1)
FNF:2
FNH:2
FNDA:2,(anonymous_0)
FNDA:1,(anonymous_1)
DA:7,1
DA:12,2
DA:13,2
DA:14,2
DA:15,2
DA:16,2
DA:21,1
LF:7
LH:7
BRF:0
BRH:0
end_of_record
TN:
SF:/home/evelin/pruebas/clickEscuelaAngular/src/app/services/asistance.service.ts
FN:11,(anonymous_0)
FN:24,(anonymous_1)
FN:25,(anonymous_2)
FN:28,(anonymous_3)
FN:32,(anonymous_4)
FNF:5
FNH:5
FNDA:2,(anonymous_0)
FNDA:3,(anonymous_1)
FNDA:19,(anonymous_2)
FNDA:1,(anonymous_3)
FNDA:1,(anonymous_4)
DA:7,1
DA:12,2
DA:13,2
DA:14,2
DA:15,2
DA:16,2
DA:17,2
DA:18,2
DA:19,2
DA:25,19
DA:29,1
DA:34,1
LF:12
LH:12
BRDA:25,0,0,0
BRDA:25,0,1,19
BRDA:25,1,0,0
BRDA:25,1,1,19
BRF:4
BRH:2
end_of_record
TN:
SF:/home/evelin/pruebas/clickEscuelaAngular/src/app/services/auth.service.ts
FN:12,(anonymous_0)
FN:16,(anonymous_1)
FNF:2
FNH:2
FNDA:2,(anonymous_0)
FNDA:1,(anonymous_1)
DA:9,1
DA:18,1
DA:19,1
DA:20,1
DA:22,1
LF:5
LH:5
BRF:0
BRH:0
end_of_record
TN:
SF:/home/evelin/pruebas/clickEscuelaAngular/src/app/services/calendar-events.service.ts
FN:10,(anonymous_0)
FN:51,(anonymous_1)
FN:55,(anonymous_2)
FNF:3
FNH:3
FNDA:5,(anonymous_0)
FNDA:1,(anonymous_1)
FNDA:1,(anonymous_2)
DA:7,1
DA:11,5
DA:12,5
DA:21,5
DA:30,5
DA:52,1
DA:56,1
LF:7
LH:7
BRF:0
BRH:0
end_of_record
TN:
SF:/home/evelin/pruebas/clickEscuelaAngular/src/app/services/chat-messages.service.ts
FN:13,(anonymous_0)
FN:56,(anonymous_1)
FN:60,(anonymous_2)
FN:64,(anonymous_3)
FN:75,(anonymous_4)
FN:81,(anonymous_5)
FN:85,(anonymous_6)
FNF:7
FNH:2
FNDA:8,(anonymous_0)
FNDA:0,(anonymous_1)
FNDA:0,(anonymous_2)
FNDA:7,(anonymous_3)
FNDA:0,(anonymous_4)
FNDA:0,(anonymous_5)
FNDA:0,(anonymous_6)
DA:8,1
DA:14,8
DA:16,8
DA:18,8
DA:19,8
DA:20,8
DA:22,8
DA:24,8
DA:26,8
DA:28,8
DA:29,8
DA:31,8
DA:33,8
DA:35,8
DA:36,8
DA:37,8
DA:38,8
DA:39,8
DA:40,8
DA:41,8
DA:42,8
DA:43,8
DA:47,8
DA:57,0
DA:61,0
DA:65,7
DA:66,7
DA:67,21
DA:68,105
DA:72,7
DA:76,0
DA:82,0
DA:86,0
LF:33
LH:28
BRF:0
BRH:0
end_of_record
TN:
SF:/home/evelin/pruebas/clickEscuelaAngular/src/app/services/configuration.service.ts
FN:10,(anonymous_0)
FN:15,(anonymous_1)
FN:18,(anonymous_2)
FN:22,(anonymous_3)
FN:25,(anonymous_4)
FNF:5
FNH:5
FNDA:4,(anonymous_0)
FNDA:1,(anonymous_1)
FNDA:3,(anonymous_2)
FNDA:1,(anonymous_3)
FNDA:3,(anonymous_4)
DA:6,1
DA:11,4
DA:12,4
DA:16,1
DA:19,3
DA:23,1
DA:26,3
LF:7
LH:7
BRF:0
BRH:0
end_of_record
TN:
SF:/home/evelin/pruebas/clickEscuelaAngular/src/app/services/course.service.ts
FN:13,(anonymous_0)
FN:16,(anonymous_1)
FNF:2
FNH:0
FNDA:0,(anonymous_0)
FNDA:0,(anonymous_1)
DA:11,1
DA:13,0
DA:52,0
DA:125,0
DA:126,0
LF:5
LH:1
BRF:0
BRH:0
end_of_record
TN:
SF:/home/evelin/pruebas/clickEscuelaAngular/src/app/services/expenses.service.ts
FN:11,(anonymous_0)
FN:29,(anonymous_1)
FNF:2
FNH:2
FNDA:9,(anonymous_0)
FNDA:4,(anonymous_1)
DA:7,1
DA:12,9
DA:14,9
DA:15,9
DA:16,9
DA:18,9
DA:19,9
DA:20,9
DA:21,9
DA:30,4
LF:10
LH:10
BRF:0
BRH:0
end_of_record
TN:
SF:/home/evelin/pruebas/clickEscuelaAngular/src/app/services/geo-ref.service.ts
FN:10,(anonymous_0)
FN:14,(anonymous_1)
FN:19,(anonymous_2)
FN:24,(anonymous_3)
FNF:4
FNH:3
FNDA:8,(anonymous_0)
FNDA:2,(anonymous_1)
FNDA:2,(anonymous_2)
FNDA:0,(anonymous_3)
DA:8,1
DA:10,8
DA:15,2
DA:16,2
DA:20,2
DA:21,2
DA:25,0
DA:26,0
LF:8
LH:6
BRF:0
BRH:0
end_of_record
TN:
SF:/home/evelin/pruebas/clickEscuelaAngular/src/app/services/grades.service.ts
FN:21,(anonymous_0)
FN:47,(anonymous_1)
FN:52,(anonymous_2)
FN:58,(anonymous_3)
FN:63,(anonymous_4)
FN:67,(anonymous_5)
FN:71,(anonymous_6)
FN:77,(anonymous_7)
FNF:8
FNH:3
FNDA:8,(anonymous_0)
FNDA:1,(anonymous_1)
FNDA:0,(anonymous_2)
FNDA:0,(anonymous_3)
FNDA:0,(anonymous_4)
FNDA:0,(anonymous_5)
FNDA:0,(anonymous_6)
FNDA:10,(anonymous_7)
DA:16,1
DA:21,8
DA:23,8
DA:25,8
DA:27,8
DA:28,8
DA:29,8
DA:30,8
DA:31,8
DA:33,8
DA:34,8
DA:35,8
DA:36,8
DA:38,8
DA:39,8
DA:40,8
DA:41,8
DA:48,1
DA:49,1
DA:54,0
DA:55,0
DA:59,0
DA:60,0
DA:64,0
DA:68,0
DA:72,0
DA:78,10
LF:27
LH:20
BRF:0
BRH:0
end_of_record
TN:
SF:/home/evelin/pruebas/clickEscuelaAngular/src/app/services/homework.service.ts
FN:15,(anonymous_0)
FN:28,(anonymous_1)
FN:33,(anonymous_2)
FN:36,(anonymous_3)
FN:42,(anonymous_4)
FNF:5
FNH:5
FNDA:9,(anonymous_0)
FNDA:1,(anonymous_1)
FNDA:1,(anonymous_2)
FNDA:1,(anonymous_3)
FNDA:4,(anonymous_4)
DA:12,1
DA:15,9
DA:16,9
DA:17,9
DA:18,9
DA:19,9
DA:20,9
DA:21,9
DA:29,1
DA:30,1
DA:34,1
DA:37,1
DA:43,4
LF:13
LH:13
BRF:0
BRH:0
end_of_record
TN:
SF:/home/evelin/pruebas/clickEscuelaAngular/src/app/services/icon-generator.service.ts
FN:12,(anonymous_0)
FNF:1
FNH:1
FNDA:15,(anonymous_0)
DA:9,1
DA:13,15
DA:14,15
DA:15,15
DA:16,15
DA:17,15
DA:18,15
DA:19,15
DA:20,15
DA:21,15
DA:22,15
DA:23,15
DA:24,15
DA:25,15
DA:26,15
DA:27,15
DA:28,15
DA:29,15
LF:18
LH:18
BRF:0
BRH:0
end_of_record
TN:
SF:/home/evelin/pruebas/clickEscuelaAngular/src/app/services/library-service.service.ts
FN:10,(anonymous_0)
FN:46,(anonymous_1)
FNF:2
FNH:2
FNDA:2,(anonymous_0)
FNDA:1,(anonymous_1)
DA:7,1
DA:11,2
DA:12,2
DA:20,2
DA:28,2
DA:36,2
DA:47,1
LF:7
LH:7
BRF:0
BRH:0
end_of_record
TN:
SF:/home/evelin/pruebas/clickEscuelaAngular/src/app/services/messages.service.ts
FN:10,(anonymous_0)
FN:73,(anonymous_1)
FN:77,(anonymous_2)
FNF:3
FNH:1
FNDA:8,(anonymous_0)
FNDA:0,(anonymous_1)
FNDA:0,(anonymous_2)
DA:7,1
DA:11,8
DA:12,8
DA:25,8
DA:34,8
DA:44,8
DA:53,8
DA:62,8
DA:74,0
DA:78,0
LF:10
LH:8
BRF:0
BRH:0
end_of_record
TN:
SF:/home/evelin/pruebas/clickEscuelaAngular/src/app/services/notifications.service.ts
FN:12,(anonymous_0)
FN:41,(anonymous_1)
FN:44,(anonymous_2)
FNF:3
FNH:3
FNDA:2,(anonymous_0)
FNDA:1,(anonymous_1)
FNDA:1,(anonymous_2)
DA:7,1
DA:14,2
DA:29,2
DA:42,1
DA:45,1
LF:5
LH:5
BRF:0
BRH:0
end_of_record
TN:
SF:/home/evelin/pruebas/clickEscuelaAngular/src/app/services/payment.service.ts
FN:9,(anonymous_0)
FNF:1
FNH:1
FNDA:2,(anonymous_0)
DA:7,1
DA:10,2
DA:11,2
DA:12,2
DA:13,2
LF:5
LH:5
BRF:0
BRH:0
end_of_record
TN:
SF:/home/evelin/pruebas/clickEscuelaAngular/src/app/services/reportCard.service.ts
FN:12,(anonymous_0)
FN:35,(anonymous_1)
FN:42,(anonymous_2)
FN:53,(anonymous_3)
FN:57,(anonymous_4)
FNF:5
FNH:2
FNDA:5,(anonymous_0)
FNDA:15,(anonymous_1)
FNDA:0,(anonymous_2)
FNDA:0,(anonymous_3)
FNDA:0,(anonymous_4)
DA:7,1
DA:14,5
DA:19,5
DA:20,5
DA:21,5
DA:22,5
DA:24,5
DA:25,5
DA:26,5
DA:28,5
DA:29,5
DA:36,15
DA:37,105
DA:44,0
DA:47,0
DA:54,0
DA:58,0
LF:17
LH:13
BRF:0
BRH:0
end_of_record
TN:
SF:/home/evelin/pruebas/clickEscuelaAngular/src/app/services/snack-bar.service.ts
FN:9,(anonymous_0)
FN:12,(anonymous_1)
FN:24,(anonymous_2)
FNF:3
FNH:2
FNDA:15,(anonymous_0)
FNDA:2,(anonymous_1)
FNDA:0,(anonymous_2)
DA:7,1
DA:9,15
DA:14,2
DA:26,0
LF:4
LH:3
BRF:0
BRH:0
end_of_record
TN:
SF:/home/evelin/pruebas/clickEscuelaAngular/src/app/services/student.service.ts
FN:32,(anonymous_0)
FN:34,sort
FN:38,(anonymous_2)
FN:46,matches
FN:72,(anonymous_4)
FN:76,(anonymous_5)
FN:78,(anonymous_6)
FN:80,(anonymous_7)
FN:81,(anonymous_8)
FN:177,(anonymous_9)
FN:178,(anonymous_10)
FN:179,(anonymous_11)
FN:180,(anonymous_12)
FN:181,(anonymous_13)
FN:182,(anonymous_14)
FN:184,(anonymous_15)
FN:185,(anonymous_16)
FN:186,(anonymous_17)
FN:187,(anonymous_18)
FN:188,(anonymous_19)
FN:190,(anonymous_20)
FN:195,(anonymous_21)
FN:206,(anonymous_22)
FN:214,(anonymous_23)
FN:218,(anonymous_24)
FN:222,(anonymous_25)
FN:226,(anonymous_26)
FN:230,(anonymous_27)
FN:236,(anonymous_28)
FN:241,(anonymous_29)
FN:246,(anonymous_30)
FNF:31
FNH:11
FNDA:0,(anonymous_0)
FNDA:21,sort
FNDA:0,(anonymous_2)
FNDA:126,matches
FNDA:21,(anonymous_4)
FNDA:21,(anonymous_5)
FNDA:21,(anonymous_6)
FNDA:21,(anonymous_7)
FNDA:21,(anonymous_8)
FNDA:0,(anonymous_9)
FNDA:0,(anonymous_10)
FNDA:0,(anonymous_11)
FNDA:0,(anonymous_12)
FNDA:0,(anonymous_13)
FNDA:0,(anonymous_14)
FNDA:0,(anonymous_15)
FNDA:0,(anonymous_16)
FNDA:0,(anonymous_17)
FNDA:0,(anonymous_18)
FNDA:0,(anonymous_19)
FNDA:0,(anonymous_20)
FNDA:21,(anonymous_21)
FNDA:126,(anonymous_22)
FNDA:0,(anonymous_23)
FNDA:0,(anonymous_24)
FNDA:11,(anonymous_25)
FNDA:0,(anonymous_26)
FNDA:0,(anonymous_27)
FNDA:1,(anonymous_28)
FNDA:0,(anonymous_29)
FNDA:0,(anonymous_30)
DA:32,1
DA:35,21
DA:36,21
DA:38,0
DA:39,0
DA:40,0
DA:47,126
DA:53,1
DA:55,21
DA:56,21
DA:57,21
DA:58,21
DA:60,21
DA:73,21
DA:74,21
DA:75,21
DA:76,21
DA:78,21
DA:80,21
DA:84,21
DA:85,21
DA:86,21
DA:99,21
DA:112,21
DA:125,21
DA:138,21
DA:151,21
DA:165,21
DA:166,21
DA:167,21
DA:169,21
DA:170,21
DA:171,21
DA:172,21
DA:173,21
DA:174,21
DA:177,0
DA:178,0
DA:179,0
DA:180,0
DA:181,0
DA:182,0
DA:184,0
DA:185,0
DA:186,0
DA:187,0
DA:188,0
DA:191,0
DA:192,0
DA:196,21
DA:203,21
DA:206,126
DA:207,21
DA:210,21
DA:211,21
DA:215,0
DA:219,0
DA:223,11
DA:227,0
DA:231,0
DA:237,1
DA:238,1
DA:242,0
DA:243,0
DA:247,0
DA:248,0
LF:66
LH:42
BRDA:32,0,0,0
BRDA:32,0,1,0
BRDA:32,1,0,0
BRDA:32,1,1,0
BRDA:35,2,0,21
BRDA:35,2,1,0
BRDA:35,3,0,21
BRDA:35,3,1,0
BRDA:40,4,0,0
BRDA:40,4,1,0
BRDA:47,5,0,126
BRDA:47,5,1,0
BRDA:47,5,2,0
BRF:13
BRH:3
end_of_record
TN:
SF:/home/evelin/pruebas/clickEscuelaAngular/src/app/services/teacher.service.ts
FN:13,(anonymous_0)
FN:56,(anonymous_1)
FN:60,(anonymous_2)
FN:65,(anonymous_3)
FN:74,(anonymous_4)
FN:79,(anonymous_5)
FN:83,(anonymous_6)
FNF:7
FNH:6
FNDA:19,(anonymous_0)
FNDA:59,(anonymous_1)
FNDA:13,(anonymous_2)
FNDA:0,(anonymous_3)
FNDA:1,(anonymous_4)
FNDA:1,(anonymous_5)
FNDA:1,(anonymous_6)
DA:11,1
DA:13,19
DA:14,19
DA:15,19
DA:28,19
DA:41,19
DA:57,59
DA:61,13
DA:62,13
DA:66,0
DA:67,0
DA:75,1
DA:76,1
DA:80,1
DA:84,1
LF:15
LH:13
BRF:0
BRH:0
end_of_record
TN:
SF:/home/evelin/pruebas/clickEscuelaAngular/src/app/services/trimester.service.ts
FN:19,(anonymous_0)
FN:39,(anonymous_1)
FN:43,(anonymous_2)
FNF:3
FNH:1
FNDA:3,(anonymous_0)
FNDA:0,(anonymous_1)
FNDA:0,(anonymous_2)
DA:7,1
DA:9,3
DA:20,3
DA:22,3
DA:23,3
DA:25,3
DA:26,21
DA:27,21
DA:30,3
DA:31,21
DA:32,21
DA:35,3
DA:36,3
DA:40,0
DA:44,0
DA:45,0
LF:16
LH:13
BRF:0
BRH:0
end_of_record
TN:
SF:/home/evelin/pruebas/clickEscuelaAngular/src/app/services/work-group.service.ts
FN:10,(anonymous_0)
FN:65,(anonymous_1)
FN:69,(anonymous_2)
FN:73,(anonymous_3)
FN:78,(anonymous_4)
FN:82,(anonymous_5)
FNF:6
FNH:2
FNDA:5,(anonymous_0)
FNDA:1,(anonymous_1)
FNDA:0,(anonymous_2)
FNDA:0,(anonymous_3)
FNDA:0,(anonymous_4)
FNDA:0,(anonymous_5)
DA:8,1
DA:11,5
DA:12,5
DA:20,5
DA:28,5
DA:36,5
DA:45,5
DA:48,5
DA:51,5
DA:54,5
DA:57,5
DA:60,5
DA:66,1
DA:70,0
DA:71,0
DA:74,0
DA:75,0
DA:79,0
DA:83,0
LF:19
LH:13
BRF:0
BRH:0
end_of_record
TN:
SF:/home/evelin/pruebas/clickEscuelaAngular/src/app/test-mocks/matDialogmock.ts
FN:6,(anonymous_0)
FN:8,(anonymous_1)
FN:12,(anonymous_2)
FN:16,(anonymous_3)
FNF:4
FNH:3
FNDA:2,(anonymous_0)
FNDA:0,(anonymous_1)
FNDA:9,(anonymous_2)
FNDA:1,(anonymous_3)
DA:7,2
DA:8,0
DA:13,9
DA:17,1
LF:4
LH:3
BRF:0
BRH:0
end_of_record
TN:
SF:/home/evelin/pruebas/clickEscuelaAngular/src/app/test-mocks/material.module.ts
FNF:0
FNH:0
DA:75,1
LF:1
LH:1
BRF:0
BRH:0
end_of_record
TN:
SF:/home/evelin/pruebas/clickEscuelaAngular/src/app/test-mocks/snack-bar-mock.ts
FN:2,(anonymous_0)
FNF:1
FNH:1
FNDA:9,(anonymous_0)
DA:2,9
LF:1
LH:1
BRF:0
BRH:0
end_of_record
TN:
SF:/home/evelin/pruebas/clickEscuelaAngular/src/environments/environment.ts
FNF:0
FNH:0
DA:5,1
LF:1
LH:1
BRF:0
BRH:0
end_of_record
TN:
SF:/home/evelin/pruebas/clickEscuelaAngular/src/environments/school-data.ts
FNF:0
FNH:0
DA:1,1
LF:1
LH:1
BRF:0
BRH:0
end_of_record
